<?xml version="1.0" encoding="UTF-8"?>
<testsuite name="com.ceiba.Proyectoparqueadero.ProyectoparqueaderoApplicationTests" tests="1" skipped="0" failures="0" errors="0" timestamp="2017-10-26T16:32:40" hostname="DAVID-HOYOS" time="0.147">
  <properties/>
  <testcase name="contextLoads" classname="com.ceiba.Proyectoparqueadero.ProyectoparqueaderoApplicationTests" time="0.147"/>
  <system-out><![CDATA[11:32:32.996 [Test worker] DEBUG org.springframework.test.context.junit4.SpringJUnit4ClassRunner - SpringJUnit4ClassRunner constructor called with [class com.ceiba.Proyectoparqueadero.ProyectoparqueaderoApplicationTests]
11:32:33.006 [Test worker] DEBUG org.springframework.test.context.BootstrapUtils - Instantiating CacheAwareContextLoaderDelegate from class [org.springframework.test.context.cache.DefaultCacheAwareContextLoaderDelegate]
11:32:33.023 [Test worker] DEBUG org.springframework.test.context.BootstrapUtils - Instantiating BootstrapContext using constructor [public org.springframework.test.context.support.DefaultBootstrapContext(java.lang.Class,org.springframework.test.context.CacheAwareContextLoaderDelegate)]
11:32:33.054 [Test worker] DEBUG org.springframework.test.context.BootstrapUtils - Instantiating TestContextBootstrapper for test class [com.ceiba.Proyectoparqueadero.ProyectoparqueaderoApplicationTests] from class [org.springframework.boot.test.context.SpringBootTestContextBootstrapper]
11:32:33.078 [Test worker] INFO org.springframework.boot.test.context.SpringBootTestContextBootstrapper - Neither @ContextConfiguration nor @ContextHierarchy found for test class [com.ceiba.Proyectoparqueadero.ProyectoparqueaderoApplicationTests], using SpringBootContextLoader
11:32:33.085 [Test worker] DEBUG org.springframework.test.context.support.AbstractContextLoader - Did not detect default resource location for test class [com.ceiba.Proyectoparqueadero.ProyectoparqueaderoApplicationTests]: class path resource [com/ceiba/Proyectoparqueadero/ProyectoparqueaderoApplicationTests-context.xml] does not exist
11:32:33.086 [Test worker] DEBUG org.springframework.test.context.support.AbstractContextLoader - Did not detect default resource location for test class [com.ceiba.Proyectoparqueadero.ProyectoparqueaderoApplicationTests]: class path resource [com/ceiba/Proyectoparqueadero/ProyectoparqueaderoApplicationTestsContext.groovy] does not exist
11:32:33.086 [Test worker] INFO org.springframework.test.context.support.AbstractContextLoader - Could not detect default resource locations for test class [com.ceiba.Proyectoparqueadero.ProyectoparqueaderoApplicationTests]: no resource found for suffixes {-context.xml, Context.groovy}.
11:32:33.088 [Test worker] INFO org.springframework.test.context.support.AnnotationConfigContextLoaderUtils - Could not detect default configuration classes for test class [com.ceiba.Proyectoparqueadero.ProyectoparqueaderoApplicationTests]: ProyectoparqueaderoApplicationTests does not declare any static, non-private, non-final, nested classes annotated with @Configuration.
11:32:33.157 [Test worker] DEBUG org.springframework.test.context.support.ActiveProfilesUtils - Could not find an 'annotation declaring class' for annotation type [org.springframework.test.context.ActiveProfiles] and class [com.ceiba.Proyectoparqueadero.ProyectoparqueaderoApplicationTests]
11:32:33.172 [Test worker] DEBUG org.springframework.core.env.StandardEnvironment - Adding PropertySource 'systemProperties' with lowest search precedence
11:32:33.172 [Test worker] DEBUG org.springframework.core.env.StandardEnvironment - Adding PropertySource 'systemEnvironment' with lowest search precedence
11:32:33.173 [Test worker] DEBUG org.springframework.core.env.StandardEnvironment - Initialized StandardEnvironment with PropertySources [MapPropertySource@1971221453 {name='systemProperties', properties={java.runtime.name=Java(TM) SE Runtime Environment, sun.boot.library.path=C:\Program Files\Java\jdk1.8.0_151\jre\bin, java.vm.version=25.151-b12, java.vm.vendor=Oracle Corporation, java.vendor.url=http://java.oracle.com/, path.separator=;, java.vm.name=Java HotSpot(TM) 64-Bit Server VM, file.encoding.pkg=sun.io, user.script=, sun.java.launcher=SUN_STANDARD, user.country=US, sun.os.patch.level=, java.vm.specification.name=Java Virtual Machine Specification, user.dir=C:\Users\david.hoyos\eclipse-workspace\Proyectoparqueadero, java.runtime.version=1.8.0_151-b12, java.awt.graphicsenv=sun.awt.Win32GraphicsEnvironment, java.endorsed.dirs=C:\Program Files\Java\jdk1.8.0_151\jre\lib\endorsed, os.arch=amd64, java.io.tmpdir=C:\Users\DAVID~1.HOY\AppData\Local\Temp\, line.separator=
, java.vm.specification.vendor=Oracle Corporation, user.variant=, os.name=Windows 10, sun.jnu.encoding=Cp1252, java.library.path=C:\Program Files\Java\jdk1.8.0_151\bin;C:\WINDOWS\Sun\Java\bin;C:\WINDOWS\system32;C:\WINDOWS;C:/Program Files/Java/jre1.8.0_151/bin/server;C:/Program Files/Java/jre1.8.0_151/bin;C:/Program Files/Java/jre1.8.0_151/lib/amd64;C:\ProgramData\Oracle\Java\javapath;C:\Program Files (x86)\Intel\iCLS Client\;C:\Program Files\Intel\iCLS Client\;C:\Oracle\product\11.1.0\client_1\bin;C:\Program Files\CollabNet\Subversion Client;C:\WINDOWS\system32;C:\WINDOWS;C:\WINDOWS\System32\Wbem;C:\WINDOWS\System32\WindowsPowerShell\v1.0\;C:\Program Files (x86)\Intel\Intel(R) Management Engine Components\DAL;C:\Program Files\Intel\Intel(R) Management Engine Components\DAL;C:\Program Files (x86)\Intel\Intel(R) Management Engine Components\IPT;C:\Program Files\Intel\Intel(R) Management Engine Components\IPT;C:\Program Files\TortoiseSVN\bin;C:\Program Files\PuTTY\;C:\Users\david.hoyos\Documents\Herramientas desarrollo\gradle-4.2.1\bin;C:\Program Files\Git\cmd;C:\Users\david.hoyos\AppData\Local\Microsoft\WindowsApps;;C:\Users\david.hoyos\Documents\Programas\eclipse-jee-oxygen-1a-win32-x86_64\eclipse;;., java.specification.name=Java Platform API Specification, java.class.version=52.0, org.gradle.native=false, sun.management.compiler=HotSpot 64-Bit Tiered Compilers, os.version=10.0, user.home=C:\Users\david.hoyos, user.timezone=America/Bogota, java.awt.printerjob=sun.awt.windows.WPrinterJob, file.encoding=windows-1252, java.specification.version=1.8, java.class.path=C:\Users\david.hoyos\eclipse-workspace\Proyectoparqueadero\build\classes\java\test;C:\Users\david.hoyos\eclipse-workspace\Proyectoparqueadero\build\resources\test;C:\Users\david.hoyos\eclipse-workspace\Proyectoparqueadero\build\classes\java\main;C:\Users\david.hoyos\eclipse-workspace\Proyectoparqueadero\build\resources\main;C:\Users\david.hoyos\Documents\Herramientas desarrollo\gradle-4.2.1\caches\modules-2\files-2.1\org.springframework.boot\spring-boot-starter-data-jpa\2.0.0.M5\7a51c922581611b15f767cd17e14f4f9db60399b\spring-boot-starter-data-jpa-2.0.0.M5.jar;C:\Users\david.hoyos\Documents\Herramientas desarrollo\gradle-4.2.1\caches\modules-2\files-2.1\org.springframework.boot\spring-boot-starter-jdbc\2.0.0.M5\83d7f9f97d4e5501d3d5ce0c42501cebabf6bb5c\spring-boot-starter-jdbc-2.0.0.M5.jar;C:\Users\david.hoyos\Documents\Herramientas desarrollo\gradle-4.2.1\caches\modules-2\files-2.1\org.springframework.boot\spring-boot-starter-web\2.0.0.M5\24eae1fdad773e958d9bab5beb332ecf3fd21d04\spring-boot-starter-web-2.0.0.M5.jar;C:\Users\david.hoyos\Documents\Herramientas desarrollo\gradle-4.2.1\caches\modules-2\files-2.1\com.h2database\h2\1.4.196\dd0034398d593aa3588c6773faac429bbd9aea0e\h2-1.4.196.jar;C:\Users\david.hoyos\Documents\Herramientas desarrollo\gradle-4.2.1\caches\modules-2\files-2.1\org.springframework.boot\spring-boot-starter-test\2.0.0.M5\99cf8b580f1b164faec0ec45d465fd1a8e4c2904\spring-boot-starter-test-2.0.0.M5.jar;C:\Users\david.hoyos\Documents\Herramientas desarrollo\gradle-4.2.1\caches\modules-2\files-2.1\org.mockito\mockito-core\2.10.0\871efe6f2607d8c93dd25b8c1fa09851d4286dd6\mockito-core-2.10.0.jar;C:\Users\david.hoyos\Documents\Herramientas desarrollo\gradle-4.2.1\caches\modules-2\files-2.1\junit\junit\4.12\2973d150c0dc1fefe998f834810d68f278ea58ec\junit-4.12.jar;C:\Users\david.hoyos\Documents\Herramientas desarrollo\gradle-4.2.1\caches\modules-2\files-2.1\org.springframework.boot\spring-boot-starter-aop\2.0.0.M5\1c71fd43cc812cf72b15f2d216ef9a0bea4e8584\spring-boot-starter-aop-2.0.0.M5.jar;C:\Users\david.hoyos\Documents\Herramientas desarrollo\gradle-4.2.1\caches\modules-2\files-2.1\org.springframework.boot\spring-boot-starter-json\2.0.0.M5\b9a48a0ea21bce60a71011f85e4494b70e0f1f03\spring-boot-starter-json-2.0.0.M5.jar;C:\Users\david.hoyos\Documents\Herramientas desarrollo\gradle-4.2.1\caches\modules-2\files-2.1\org.springframework.boot\spring-boot-starter\2.0.0.M5\43635ad065765d9e9bfdbf7009d8961e1d852a4c\spring-boot-starter-2.0.0.M5.jar;C:\Users\david.hoyos\Documents\Herramientas desarrollo\gradle-4.2.1\caches\modules-2\files-2.1\org.hibernate\hibernate-core\5.2.11.Final\c7bc35a9caccb66f6b7209849c5feab8241abb76\hibernate-core-5.2.11.Final.jar;C:\Users\david.hoyos\Documents\Herramientas desarrollo\gradle-4.2.1\caches\modules-2\files-2.1\javax.transaction\javax.transaction-api\1.2\d81aff979d603edd90dcd8db2abc1f4ce6479e3e\javax.transaction-api-1.2.jar;C:\Users\david.hoyos\Documents\Herramientas desarrollo\gradle-4.2.1\caches\modules-2\files-2.1\org.springframework.data\spring-data-jpa\2.0.0.RELEASE\37298e64c40bfd4b51335df41afa8a5e509ba5de\spring-data-jpa-2.0.0.RELEASE.jar;C:\Users\david.hoyos\Documents\Herramientas desarrollo\gradle-4.2.1\caches\modules-2\files-2.1\org.springframework\spring-aspects\5.0.0.RELEASE\bf63871e3c0fc83d550c7f54c67a376a1b896180\spring-aspects-5.0.0.RELEASE.jar;C:\Users\david.hoyos\Documents\Herramientas desarrollo\gradle-4.2.1\caches\modules-2\files-2.1\com.zaxxer\HikariCP\2.7.2\8eadf835d2f74c30b75ffcb2693bb6853b85cf1e\HikariCP-2.7.2.jar;C:\Users\david.hoyos\Documents\Herramientas desarrollo\gradle-4.2.1\caches\modules-2\files-2.1\org.springframework\spring-orm\5.0.0.RELEASE\3b129d4a305f0fba7c4e9210b6dd3e6cb6e9f6c4\spring-orm-5.0.0.RELEASE.jar;C:\Users\david.hoyos\Documents\Herramientas desarrollo\gradle-4.2.1\caches\modules-2\files-2.1\org.springframework\spring-jdbc\5.0.0.RELEASE\e6c73a4dd93956fcfd59887c64f0989f3fd004b5\spring-jdbc-5.0.0.RELEASE.jar;C:\Users\david.hoyos\Documents\Herramientas desarrollo\gradle-4.2.1\caches\modules-2\files-2.1\org.springframework.boot\spring-boot-starter-tomcat\2.0.0.M5\39709bc8ea0727e498877c1d1e7bcb7c3eb037f6\spring-boot-starter-tomcat-2.0.0.M5.jar;C:\Users\david.hoyos\Documents\Herramientas desarrollo\gradle-4.2.1\caches\modules-2\files-2.1\org.hibernate.validator\hibernate-validator\6.0.2.Final\41c0d6a3ce1298b09a9ddb944bd251c8d1345b5c\hibernate-validator-6.0.2.Final.jar;C:\Users\david.hoyos\Documents\Herramientas desarrollo\gradle-4.2.1\caches\modules-2\files-2.1\org.springframework\spring-webmvc\5.0.0.RELEASE\7efad8565e5e609d1ff301043b8ea31080796391\spring-webmvc-5.0.0.RELEASE.jar;C:\Users\david.hoyos\Documents\Herramientas desarrollo\gradle-4.2.1\caches\modules-2\files-2.1\org.springframework\spring-web\5.0.0.RELEASE\f5c2d9d5668534c308a1ca4eda070cd01320af65\spring-web-5.0.0.RELEASE.jar;C:\Users\david.hoyos\Documents\Herramientas desarrollo\gradle-4.2.1\caches\modules-2\files-2.1\org.springframework.boot\spring-boot-test-autoconfigure\2.0.0.M5\7b249ede1134de624ccac65833d8bc9d30bc07ce\spring-boot-test-autoconfigure-2.0.0.M5.jar;C:\Users\david.hoyos\Documents\Herramientas desarrollo\gradle-4.2.1\caches\modules-2\files-2.1\org.springframework.boot\spring-boot-test\2.0.0.M5\2851cc485015f560d11054013fa77b39829c08a\spring-boot-test-2.0.0.M5.jar;C:\Users\david.hoyos\Documents\Herramientas desarrollo\gradle-4.2.1\caches\modules-2\files-2.1\com.jayway.jsonpath\json-path\2.4.0\765a4401ceb2dc8d40553c2075eb80a8fa35c2ae\json-path-2.4.0.jar;C:\Users\david.hoyos\Documents\Herramientas desarrollo\gradle-4.2.1\caches\modules-2\files-2.1\org.assertj\assertj-core\3.8.0\b209d90ff2e279bee3e02547ee7b11349c52d0e3\assertj-core-3.8.0.jar;C:\Users\david.hoyos\Documents\Herramientas desarrollo\gradle-4.2.1\caches\modules-2\files-2.1\org.hamcrest\hamcrest-library\1.3\4785a3c21320980282f9f33d0d1264a69040538f\hamcrest-library-1.3.jar;C:\Users\david.hoyos\Documents\Herramientas desarrollo\gradle-4.2.1\caches\modules-2\files-2.1\org.hamcrest\hamcrest-core\1.3\42a25dc3219429f0e5d060061f71acb49bf010a0\hamcrest-core-1.3.jar;C:\Users\david.hoyos\Documents\Herramientas desarrollo\gradle-4.2.1\caches\modules-2\files-2.1\org.skyscreamer\jsonassert\1.5.0\6c9d5fe2f59da598d9aefc1cfc6528ff3cf32df3\jsonassert-1.5.0.jar;C:\Users\david.hoyos\Documents\Herramientas desarrollo\gradle-4.2.1\caches\modules-2\files-2.1\org.springframework\spring-test\5.0.0.RELEASE\f39db690694a902197866df3c89ac277605b63c4\spring-test-5.0.0.RELEASE.jar;C:\Users\david.hoyos\Documents\Herramientas desarrollo\gradle-4.2.1\caches\modules-2\files-2.1\org.springframework.boot\spring-boot-autoconfigure\2.0.0.M5\975d5afb6a8dee42650842c5821d905657747bbc\spring-boot-autoconfigure-2.0.0.M5.jar;C:\Users\david.hoyos\Documents\Herramientas desarrollo\gradle-4.2.1\caches\modules-2\files-2.1\org.springframework.boot\spring-boot\2.0.0.M5\31de735c7a77fa2961185d48ce66570d74f656ae\spring-boot-2.0.0.M5.jar;C:\Users\david.hoyos\Documents\Herramientas desarrollo\gradle-4.2.1\caches\modules-2\files-2.1\org.springframework\spring-context\5.0.0.RELEASE\bf5165fcd47f582f9addcd2a41424b08ea00d880\spring-context-5.0.0.RELEASE.jar;C:\Users\david.hoyos\Documents\Herramientas desarrollo\gradle-4.2.1\caches\modules-2\files-2.1\org.springframework\spring-aop\5.0.0.RELEASE\717d06b89e32f51f329094f709662f8414c0843f\spring-aop-5.0.0.RELEASE.jar;C:\Users\david.hoyos\Documents\Herramientas desarrollo\gradle-4.2.1\caches\modules-2\files-2.1\org.springframework.data\spring-data-commons\2.0.0.RELEASE\b97dad2d501c2baf49b497733bb19f7a05d52142\spring-data-commons-2.0.0.RELEASE.jar;C:\Users\david.hoyos\Documents\Herramientas desarrollo\gradle-4.2.1\caches\modules-2\files-2.1\org.springframework\spring-tx\5.0.0.RELEASE\359eb5245c54257085b9eb2fc11c68dde3325d7\spring-tx-5.0.0.RELEASE.jar;C:\Users\david.hoyos\Documents\Herramientas desarrollo\gradle-4.2.1\caches\modules-2\files-2.1\org.springframework\spring-beans\5.0.0.RELEASE\6f95f071cfe29a84661648e5445dcb054be0cfa7\spring-beans-5.0.0.RELEASE.jar;C:\Users\david.hoyos\Documents\Herramientas desarrollo\gradle-4.2.1\caches\modules-2\files-2.1\org.springframework\spring-expression\5.0.0.RELEASE\48cdf1b2ea2a510c731e5e08f75299e3cb8e9d68\spring-expression-5.0.0.RELEASE.jar;C:\Users\david.hoyos\Documents\Herramientas desarrollo\gradle-4.2.1\caches\modules-2\files-2.1\org.springframework\spring-core\5.0.0.RELEASE\3a9bb910e8943b5ef59b193a1621daba46456ca9\spring-core-5.0.0.RELEASE.jar;C:\Users\david.hoyos\Documents\Herramientas desarrollo\gradle-4.2.1\caches\modules-2\files-2.1\org.xmlunit\xmlunit-core\2.5.0\7464e446df1051ac5196ffd2c28ee903a1104133\xmlunit-core-2.5.0.jar;C:\Users\david.hoyos\Documents\Herramientas desarrollo\gradle-4.2.1\caches\modules-2\files-2.1\net.bytebuddy\byte-buddy\1.7.6\f79a6ca612ed13038efedbbba1ead83b8d6fe7ec\byte-buddy-1.7.6.jar;C:\Users\david.hoyos\Documents\Herramientas desarrollo\gradle-4.2.1\caches\modules-2\files-2.1\net.bytebuddy\byte-buddy-agent\1.7.6\e863f5ab595f480f42d641f22935437e679d4beb\byte-buddy-agent-1.7.6.jar;C:\Users\david.hoyos\Documents\Herramientas desarrollo\gradle-4.2.1\caches\modules-2\files-2.1\org.objenesis\objenesis\2.6\639033469776fd37c08358c6b92a4761feb2af4b\objenesis-2.6.jar;C:\Users\david.hoyos\Documents\Herramientas desarrollo\gradle-4.2.1\caches\modules-2\files-2.1\org.springframework.boot\spring-boot-starter-logging\2.0.0.M5\ed3e13b588ee8ec5b43b4bbc9f9880a412c4b026\spring-boot-starter-logging-2.0.0.M5.jar;C:\Users\david.hoyos\Documents\Herramientas desarrollo\gradle-4.2.1\caches\modules-2\files-2.1\javax.annotation\javax.annotation-api\1.3.1\20a2c0583598d68b0835474bbe07792d4f3b219f\javax.annotation-api-1.3.1.jar;C:\Users\david.hoyos\Documents\Herramientas desarrollo\gradle-4.2.1\caches\modules-2\files-2.1\org.yaml\snakeyaml\1.18\e4a441249ade301985cb8d009d4e4a72b85bf68e\snakeyaml-1.18.jar;C:\Users\david.hoyos\Documents\Herramientas desarrollo\gradle-4.2.1\caches\modules-2\files-2.1\org.aspectj\aspectjweaver\1.8.11\9807e0e13c8a295f15882721db50fa3d142c44a9\aspectjweaver-1.8.11.jar;C:\Users\david.hoyos\Documents\Herramientas desarrollo\gradle-4.2.1\caches\modules-2\files-2.1\org.hibernate.common\hibernate-commons-annotations\5.0.1.Final\71e1cff3fcb20d3b3af4f3363c3ddb24d33c6879\hibernate-commons-annotations-5.0.1.Final.jar;C:\Users\david.hoyos\Documents\Herramientas desarrollo\gradle-4.2.1\caches\modules-2\files-2.1\org.jboss.logging\jboss-logging\3.3.1.Final\c46217ab74b532568c0ed31dc599db3048bd1b67\jboss-logging-3.3.1.Final.jar;C:\Users\david.hoyos\Documents\Herramientas desarrollo\gradle-4.2.1\caches\modules-2\files-2.1\org.hibernate.javax.persistence\hibernate-jpa-2.1-api\1.0.0.Final\5e731d961297e5a07290bfaf3db1fbc8bbbf405a\hibernate-jpa-2.1-api-1.0.0.Final.jar;C:\Users\david.hoyos\Documents\Herramientas desarrollo\gradle-4.2.1\caches\modules-2\files-2.1\org.javassist\javassist\3.22.0-CR2\44eaf0990dea92f4bca4b9931b2239c0e8756ee7\javassist-3.22.0-CR2.jar;C:\Users\david.hoyos\Documents\Herramientas desarrollo\gradle-4.2.1\caches\modules-2\files-2.1\antlr\antlr\2.7.7\83cd2cd674a217ade95a4bb83a8a14f351f48bd0\antlr-2.7.7.jar;C:\Users\david.hoyos\Documents\Herramientas desarrollo\gradle-4.2.1\caches\modules-2\files-2.1\org.jboss\jandex\2.0.3.Final\bfc4d6257dbff7a33a357f0de116be6ff951d849\jandex-2.0.3.Final.jar;C:\Users\david.hoyos\Documents\Herramientas desarrollo\gradle-4.2.1\caches\modules-2\files-2.1\com.fasterxml\classmate\1.3.4\3d5f48f10bbe4eb7bd862f10c0583be2e0053c6\classmate-1.3.4.jar;C:\Users\david.hoyos\Documents\Herramientas desarrollo\gradle-4.2.1\caches\modules-2\files-2.1\dom4j\dom4j\1.6.1\5d3ccc056b6f056dbf0dddfdf43894b9065a8f94\dom4j-1.6.1.jar;C:\Users\david.hoyos\Documents\Herramientas desarrollo\gradle-4.2.1\caches\modules-2\files-2.1\ch.qos.logback\logback-classic\1.2.3\7c4f3c474fb2c041d8028740440937705ebb473a\logback-classic-1.2.3.jar;C:\Users\david.hoyos\Documents\Herramientas desarrollo\gradle-4.2.1\caches\modules-2\files-2.1\org.slf4j\jul-to-slf4j\1.7.25\af5364cd6679bfffb114f0dec8a157aaa283b76\jul-to-slf4j-1.7.25.jar;C:\Users\david.hoyos\Documents\Herramientas desarrollo\gradle-4.2.1\caches\modules-2\files-2.1\org.slf4j\log4j-over-slf4j\1.7.25\a87bb47468f47ee7aabbd54f93e133d4215769c3\log4j-over-slf4j-1.7.25.jar;C:\Users\david.hoyos\Documents\Herramientas desarrollo\gradle-4.2.1\caches\modules-2\files-2.1\org.slf4j\slf4j-api\1.7.25\da76ca59f6a57ee3102f8f9bd9cee742973efa8a\slf4j-api-1.7.25.jar;C:\Users\david.hoyos\Documents\Herramientas desarrollo\gradle-4.2.1\caches\modules-2\files-2.1\com.fasterxml.jackson.datatype\jackson-datatype-jdk8\2.9.1\dc5c9b4349c1c18388aa1ec5a9264e6893b732a8\jackson-datatype-jdk8-2.9.1.jar;C:\Users\david.hoyos\Documents\Herramientas desarrollo\gradle-4.2.1\caches\modules-2\files-2.1\com.fasterxml.jackson.datatype\jackson-datatype-jsr310\2.9.1\dbac0f60c8ea8c6e6cc6a761c0d8f300296fcf3d\jackson-datatype-jsr310-2.9.1.jar;C:\Users\david.hoyos\Documents\Herramientas desarrollo\gradle-4.2.1\caches\modules-2\files-2.1\com.fasterxml.jackson.module\jackson-module-parameter-names\2.9.1\df51ae82d0878f62f7bdcbd47d423e3cde04b3ef\jackson-module-parameter-names-2.9.1.jar;C:\Users\david.hoyos\Documents\Herramientas desarrollo\gradle-4.2.1\caches\modules-2\files-2.1\com.fasterxml.jackson.module\jackson-module-kotlin\2.9.1\cf37d75de23b87a664ea0b497b04fc601a783f2a\jackson-module-kotlin-2.9.1.jar;C:\Users\david.hoyos\Documents\Herramientas desarrollo\gradle-4.2.1\caches\modules-2\files-2.1\com.fasterxml.jackson.core\jackson-databind\2.9.1\716da1830a2043f18882fc036ec26eb32cbe5aff\jackson-databind-2.9.1.jar;C:\Users\david.hoyos\Documents\Herramientas desarrollo\gradle-4.2.1\caches\modules-2\files-2.1\org.apache.tomcat.embed\tomcat-embed-websocket\8.5.23\52f07abcae10dc7e1764304b0877def175c2c833\tomcat-embed-websocket-8.5.23.jar;C:\Users\david.hoyos\Documents\Herramientas desarrollo\gradle-4.2.1\caches\modules-2\files-2.1\org.apache.tomcat.embed\tomcat-embed-core\8.5.23\79261793a47f507890ee08f749b9d81774e4f7f0\tomcat-embed-core-8.5.23.jar;C:\Users\david.hoyos\Documents\Herramientas desarrollo\gradle-4.2.1\caches\modules-2\files-2.1\org.apache.tomcat.embed\tomcat-embed-el\8.5.23\98d979cde444dffa6d434c8377d0123b2dfa614c\tomcat-embed-el-8.5.23.jar;C:\Users\david.hoyos\Documents\Herramientas desarrollo\gradle-4.2.1\caches\modules-2\files-2.1\javax.validation\validation-api\2.0.0.Final\4a7ff48084bd336c4de1f79f027f6f77badf399e\validation-api-2.0.0.Final.jar;C:\Users\david.hoyos\Documents\Herramientas desarrollo\gradle-4.2.1\caches\modules-2\files-2.1\net.minidev\json-smart\2.3\7396407491352ce4fa30de92efb158adb76b5b\json-smart-2.3.jar;C:\Users\david.hoyos\Documents\Herramientas desarrollo\gradle-4.2.1\caches\modules-2\files-2.1\com.vaadin.external.google\android-json\0.0.20131108.vaadin1\fa26d351fe62a6a17f5cda1287c1c6110dec413f\android-json-0.0.20131108.vaadin1.jar;C:\Users\david.hoyos\Documents\Herramientas desarrollo\gradle-4.2.1\caches\modules-2\files-2.1\org.springframework\spring-jcl\5.0.0.RELEASE\ab0a2114cab7b9e04adf79d812c714f3cbf4abf7\spring-jcl-5.0.0.RELEASE.jar;C:\Users\david.hoyos\Documents\Herramientas desarrollo\gradle-4.2.1\caches\modules-2\files-2.1\com.fasterxml.jackson.core\jackson-annotations\2.9.0\7c10d545325e3a6e72e06381afe469fd40eb701\jackson-annotations-2.9.0.jar;C:\Users\david.hoyos\Documents\Herramientas desarrollo\gradle-4.2.1\caches\modules-2\files-2.1\com.fasterxml.jackson.core\jackson-core\2.9.1\60077fe98b11e4e7cf8af9b20609326a166d6ac4\jackson-core-2.9.1.jar;C:\Users\david.hoyos\Documents\Herramientas desarrollo\gradle-4.2.1\caches\modules-2\files-2.1\org.apache.tomcat\tomcat-annotations-api\8.5.23\aaf17df9fe0240e9e9d5375d24d5f177174b73d9\tomcat-annotations-api-8.5.23.jar;C:\Users\david.hoyos\Documents\Herramientas desarrollo\gradle-4.2.1\caches\modules-2\files-2.1\net.minidev\accessors-smart\1.2\c592b500269bfde36096641b01238a8350f8aa31\accessors-smart-1.2.jar;C:\Users\david.hoyos\Documents\Herramientas desarrollo\gradle-4.2.1\caches\modules-2\files-2.1\ch.qos.logback\logback-core\1.2.3\864344400c3d4d92dfeb0a305dc87d953677c03c\logback-core-1.2.3.jar;C:\Users\david.hoyos\Documents\Herramientas desarrollo\gradle-4.2.1\caches\modules-2\files-2.1\org.ow2.asm\asm\5.0.4\da08b8cce7bbf903602a25a3a163ae252435795\asm-5.0.4.jar, user.name=david.hoyos, java.vm.specification.version=1.8, sun.java.command=worker.org.gradle.process.internal.worker.GradleWorkerMain 'Gradle Test Executor 1', java.home=C:\Program Files\Java\jdk1.8.0_151\jre, sun.arch.data.model=64, user.language=en, java.specification.vendor=Oracle Corporation, awt.toolkit=sun.awt.windows.WToolkit, java.vm.info=mixed mode, java.version=1.8.0_151, java.ext.dirs=C:\Program Files\Java\jdk1.8.0_151\jre\lib\ext;C:\WINDOWS\Sun\Java\lib\ext, sun.boot.class.path=C:\Program Files\Java\jdk1.8.0_151\jre\lib\resources.jar;C:\Program Files\Java\jdk1.8.0_151\jre\lib\rt.jar;C:\Program Files\Java\jdk1.8.0_151\jre\lib\sunrsasign.jar;C:\Program Files\Java\jdk1.8.0_151\jre\lib\jsse.jar;C:\Program Files\Java\jdk1.8.0_151\jre\lib\jce.jar;C:\Program Files\Java\jdk1.8.0_151\jre\lib\charsets.jar;C:\Program Files\Java\jdk1.8.0_151\jre\lib\jfr.jar;C:\Program Files\Java\jdk1.8.0_151\jre\classes, java.vendor=Oracle Corporation, org.gradle.test.worker=1, file.separator=\, java.vendor.url.bug=http://bugreport.sun.com/bugreport/, sun.io.unicode.encoding=UnicodeLittle, sun.cpu.endian=little, sun.desktop=windows, sun.cpu.isalist=amd64}}, SystemEnvironmentPropertySource@2140314694 {name='systemEnvironment', properties={USERDOMAIN_ROAMINGPROFILE=CEIBA, LOCALAPPDATA=C:\Users\david.hoyos\AppData\Local, PROCESSOR_LEVEL=6, USERDOMAIN=CEIBA, FPS_BROWSER_APP_PROFILE_STRING=Internet Explorer, LOGONSERVER=\\ARES, SESSIONNAME=Console, ALLUSERSPROFILE=C:\ProgramData, PROCESSOR_ARCHITECTURE=AMD64, PSModulePath=C:\Program Files\WindowsPowerShell\Modules;C:\WINDOWS\system32\WindowsPowerShell\v1.0\Modules, SystemDrive=C:, OneDrive=C:\Users\david.hoyos\OneDrive, APPDATA=C:\Users\david.hoyos\AppData\Roaming, USERNAME=david.hoyos, USERDNSDOMAIN=CEIBA.LOCAL, ProgramFiles(x86)=C:\Program Files (x86), CommonProgramFiles=C:\Program Files\Common Files, Path=C:/Program Files/Java/jre1.8.0_151/bin/server;C:/Program Files/Java/jre1.8.0_151/bin;C:/Program Files/Java/jre1.8.0_151/lib/amd64;C:\ProgramData\Oracle\Java\javapath;C:\Program Files (x86)\Intel\iCLS Client\;C:\Program Files\Intel\iCLS Client\;C:\Oracle\product\11.1.0\client_1\bin;C:\Program Files\CollabNet\Subversion Client;C:\WINDOWS\system32;C:\WINDOWS;C:\WINDOWS\System32\Wbem;C:\WINDOWS\System32\WindowsPowerShell\v1.0\;C:\Program Files (x86)\Intel\Intel(R) Management Engine Components\DAL;C:\Program Files\Intel\Intel(R) Management Engine Components\DAL;C:\Program Files (x86)\Intel\Intel(R) Management Engine Components\IPT;C:\Program Files\Intel\Intel(R) Management Engine Components\IPT;C:\Program Files\TortoiseSVN\bin;C:\Program Files\PuTTY\;C:\Users\david.hoyos\Documents\Herramientas desarrollo\gradle-4.2.1\bin;C:\Program Files\Git\cmd;C:\Users\david.hoyos\AppData\Local\Microsoft\WindowsApps;;C:\Users\david.hoyos\Documents\Programas\eclipse-jee-oxygen-1a-win32-x86_64\eclipse;, FPS_BROWSER_USER_PROFILE_STRING=Default, PATHEXT=.COM;.EXE;.BAT;.CMD;.VBS;.VBE;.JS;.JSE;.WSF;.WSH;.MSC, OS=Windows_NT, COMPUTERNAME=DAVID-HOYOS, PROCESSOR_REVISION=3a09, CommonProgramW6432=C:\Program Files\Common Files, ComSpec=C:\WINDOWS\system32\cmd.exe, ProgramData=C:\ProgramData, ProgramW6432=C:\Program Files, HOMEPATH=\Users\david.hoyos, SystemRoot=C:\WINDOWS, TEMP=C:\Users\DAVID~1.HOY\AppData\Local\Temp, HOMEDRIVE=C:, PROCESSOR_IDENTIFIER=Intel64 Family 6 Model 58 Stepping 9, GenuineIntel, USERPROFILE=C:\Users\david.hoyos, TMP=C:\Users\DAVID~1.HOY\AppData\Local\Temp, CommonProgramFiles(x86)=C:\Program Files (x86)\Common Files, ProgramFiles=C:\Program Files, PUBLIC=C:\Users\Public, NUMBER_OF_PROCESSORS=8, windir=C:\WINDOWS, =::=::\}}]
11:32:33.201 [Test worker] DEBUG org.springframework.core.io.support.PathMatchingResourcePatternResolver - Resolved classpath location [com/ceiba/Proyectoparqueadero/] to resources [URL [file:/C:/Users/david.hoyos/eclipse-workspace/Proyectoparqueadero/build/classes/java/test/com/ceiba/Proyectoparqueadero/], URL [file:/C:/Users/david.hoyos/eclipse-workspace/Proyectoparqueadero/build/classes/java/main/com/ceiba/Proyectoparqueadero/]]
11:32:33.201 [Test worker] DEBUG org.springframework.core.io.support.PathMatchingResourcePatternResolver - Looking for matching resources in directory tree [C:\Users\david.hoyos\eclipse-workspace\Proyectoparqueadero\build\classes\java\test\com\ceiba\Proyectoparqueadero]
11:32:33.202 [Test worker] DEBUG org.springframework.core.io.support.PathMatchingResourcePatternResolver - Searching directory [C:\Users\david.hoyos\eclipse-workspace\Proyectoparqueadero\build\classes\java\test\com\ceiba\Proyectoparqueadero] for files matching pattern [C:/Users/david.hoyos/eclipse-workspace/Proyectoparqueadero/build/classes/java/test/com/ceiba/Proyectoparqueadero/*.class]
11:32:33.207 [Test worker] DEBUG org.springframework.core.io.support.PathMatchingResourcePatternResolver - Looking for matching resources in directory tree [C:\Users\david.hoyos\eclipse-workspace\Proyectoparqueadero\build\classes\java\main\com\ceiba\Proyectoparqueadero]
11:32:33.207 [Test worker] DEBUG org.springframework.core.io.support.PathMatchingResourcePatternResolver - Searching directory [C:\Users\david.hoyos\eclipse-workspace\Proyectoparqueadero\build\classes\java\main\com\ceiba\Proyectoparqueadero] for files matching pattern [C:/Users/david.hoyos/eclipse-workspace/Proyectoparqueadero/build/classes/java/main/com/ceiba/Proyectoparqueadero/*.class]
11:32:33.208 [Test worker] DEBUG org.springframework.core.io.support.PathMatchingResourcePatternResolver - Resolved location pattern [classpath*:com/ceiba/Proyectoparqueadero/*.class] to resources [file [C:\Users\david.hoyos\eclipse-workspace\Proyectoparqueadero\build\classes\java\test\com\ceiba\Proyectoparqueadero\ProyectoparqueaderoApplicationTests.class], file [C:\Users\david.hoyos\eclipse-workspace\Proyectoparqueadero\build\classes\java\main\com\ceiba\Proyectoparqueadero\ProyectoparqueaderoApplication.class]]
11:32:33.315 [Test worker] DEBUG org.springframework.context.annotation.ClassPathScanningCandidateComponentProvider - Identified candidate component class: file [C:\Users\david.hoyos\eclipse-workspace\Proyectoparqueadero\build\classes\java\main\com\ceiba\Proyectoparqueadero\ProyectoparqueaderoApplication.class]
11:32:33.317 [Test worker] INFO org.springframework.boot.test.context.SpringBootTestContextBootstrapper - Found @SpringBootConfiguration com.ceiba.Proyectoparqueadero.ProyectoparqueaderoApplication for test class com.ceiba.Proyectoparqueadero.ProyectoparqueaderoApplicationTests
11:32:33.519 [Test worker] DEBUG org.springframework.boot.test.context.SpringBootTestContextBootstrapper - @TestExecutionListeners is not present for class [com.ceiba.Proyectoparqueadero.ProyectoparqueaderoApplicationTests]: using defaults.
11:32:33.519 [Test worker] INFO org.springframework.boot.test.context.SpringBootTestContextBootstrapper - Loaded default TestExecutionListener class names from location [META-INF/spring.factories]: [org.springframework.boot.test.autoconfigure.restdocs.RestDocsTestExecutionListener, org.springframework.boot.test.autoconfigure.web.client.MockRestServiceServerResetTestExecutionListener, org.springframework.boot.test.autoconfigure.web.servlet.MockMvcPrintOnlyOnFailureTestExecutionListener, org.springframework.boot.test.autoconfigure.web.servlet.WebDriverTestExecutionListener, org.springframework.boot.test.mock.mockito.MockitoTestExecutionListener, org.springframework.boot.test.mock.mockito.ResetMocksTestExecutionListener, org.springframework.test.context.web.ServletTestExecutionListener, org.springframework.test.context.support.DirtiesContextBeforeModesTestExecutionListener, org.springframework.test.context.support.DependencyInjectionTestExecutionListener, org.springframework.test.context.support.DirtiesContextTestExecutionListener, org.springframework.test.context.transaction.TransactionalTestExecutionListener, org.springframework.test.context.jdbc.SqlScriptsTestExecutionListener]
11:32:33.551 [Test worker] INFO org.springframework.boot.test.context.SpringBootTestContextBootstrapper - Using TestExecutionListeners: [org.springframework.test.context.web.ServletTestExecutionListener@11afed1b, org.springframework.test.context.support.DirtiesContextBeforeModesTestExecutionListener@18392e82, org.springframework.boot.test.autoconfigure.SpringBootDependencyInjectionTestExecutionListener@6560e941, org.springframework.test.context.support.DirtiesContextTestExecutionListener@468dd403, org.springframework.test.context.transaction.TransactionalTestExecutionListener@28a43efc, org.springframework.test.context.jdbc.SqlScriptsTestExecutionListener@79384854, org.springframework.boot.test.autoconfigure.web.client.MockRestServiceServerResetTestExecutionListener@1bf09cd3, org.springframework.boot.test.mock.mockito.ResetMocksTestExecutionListener@33757e62, org.springframework.boot.test.mock.mockito.MockitoTestExecutionListener@3a2fe52e, org.springframework.boot.test.autoconfigure.restdocs.RestDocsTestExecutionListener@16e60d7, org.springframework.boot.test.autoconfigure.web.servlet.MockMvcPrintOnlyOnFailureTestExecutionListener@1ee7622d, org.springframework.boot.test.autoconfigure.web.servlet.WebDriverTestExecutionListener@67989fd]
11:32:33.555 [Test worker] DEBUG org.springframework.test.annotation.ProfileValueUtils - Retrieved @ProfileValueSourceConfiguration [null] for test class [com.ceiba.Proyectoparqueadero.ProyectoparqueaderoApplicationTests]
11:32:33.556 [Test worker] DEBUG org.springframework.test.annotation.ProfileValueUtils - Retrieved ProfileValueSource type [class org.springframework.test.annotation.SystemProfileValueSource] for class [com.ceiba.Proyectoparqueadero.ProyectoparqueaderoApplicationTests]
11:32:33.557 [Test worker] DEBUG org.springframework.test.annotation.ProfileValueUtils - Retrieved @ProfileValueSourceConfiguration [null] for test class [com.ceiba.Proyectoparqueadero.ProyectoparqueaderoApplicationTests]
11:32:33.557 [Test worker] DEBUG org.springframework.test.annotation.ProfileValueUtils - Retrieved ProfileValueSource type [class org.springframework.test.annotation.SystemProfileValueSource] for class [com.ceiba.Proyectoparqueadero.ProyectoparqueaderoApplicationTests]
11:32:33.564 [Test worker] DEBUG org.springframework.test.context.support.AbstractDirtiesContextTestExecutionListener - Before test class: context [DefaultTestContext@27b1941f testClass = ProyectoparqueaderoApplicationTests, testInstance = [null], testMethod = [null], testException = [null], mergedContextConfiguration = [WebMergedContextConfiguration@53346004 testClass = ProyectoparqueaderoApplicationTests, locations = '{}', classes = '{class com.ceiba.Proyectoparqueadero.ProyectoparqueaderoApplication}', contextInitializerClasses = '[]', activeProfiles = '{}', propertySourceLocations = '{}', propertySourceProperties = '{org.springframework.boot.test.context.SpringBootTestContextBootstrapper=true}', contextCustomizers = set[org.springframework.boot.test.autoconfigure.properties.PropertyMappingContextCustomizer@0, org.springframework.boot.test.autoconfigure.web.servlet.WebDriverContextCustomizerFactory$Customizer@6eb9c93c, org.springframework.boot.test.context.SpringBootTestContextCustomizer@20a1b663, org.springframework.boot.test.context.filter.ExcludeFilterContextCustomizer@30c0d282, org.springframework.boot.test.json.DuplicateJsonObjectContextCustomizerFactory$DuplicateJsonObjectContextCustomizer@1bb9fb56, org.springframework.boot.test.mock.mockito.MockitoContextCustomizer@0], resourceBasePath = 'src/main/webapp', contextLoader = 'org.springframework.boot.test.context.SpringBootContextLoader', parent = [null]], attributes = map['org.springframework.test.context.web.ServletTestExecutionListener.activateListener' -> true]], class annotated with @DirtiesContext [false] with mode [null].
11:32:33.565 [Test worker] DEBUG org.springframework.test.annotation.ProfileValueUtils - Retrieved @ProfileValueSourceConfiguration [null] for test class [com.ceiba.Proyectoparqueadero.ProyectoparqueaderoApplicationTests]
11:32:33.565 [Test worker] DEBUG org.springframework.test.annotation.ProfileValueUtils - Retrieved ProfileValueSource type [class org.springframework.test.annotation.SystemProfileValueSource] for class [com.ceiba.Proyectoparqueadero.ProyectoparqueaderoApplicationTests]
11:32:33.601 [Test worker] DEBUG org.springframework.core.env.StandardEnvironment - Adding PropertySource 'systemProperties' with lowest search precedence
11:32:33.601 [Test worker] DEBUG org.springframework.core.env.StandardEnvironment - Adding PropertySource 'systemEnvironment' with lowest search precedence
11:32:33.601 [Test worker] DEBUG org.springframework.core.env.StandardEnvironment - Initialized StandardEnvironment with PropertySources [MapPropertySource@1049683638 {name='systemProperties', properties={java.runtime.name=Java(TM) SE Runtime Environment, sun.boot.library.path=C:\Program Files\Java\jdk1.8.0_151\jre\bin, java.vm.version=25.151-b12, java.vm.vendor=Oracle Corporation, java.vendor.url=http://java.oracle.com/, path.separator=;, java.vm.name=Java HotSpot(TM) 64-Bit Server VM, file.encoding.pkg=sun.io, user.script=, sun.java.launcher=SUN_STANDARD, user.country=US, sun.os.patch.level=, java.vm.specification.name=Java Virtual Machine Specification, user.dir=C:\Users\david.hoyos\eclipse-workspace\Proyectoparqueadero, java.runtime.version=1.8.0_151-b12, java.awt.graphicsenv=sun.awt.Win32GraphicsEnvironment, java.endorsed.dirs=C:\Program Files\Java\jdk1.8.0_151\jre\lib\endorsed, os.arch=amd64, java.io.tmpdir=C:\Users\DAVID~1.HOY\AppData\Local\Temp\, line.separator=
, java.vm.specification.vendor=Oracle Corporation, user.variant=, os.name=Windows 10, sun.jnu.encoding=Cp1252, java.library.path=C:\Program Files\Java\jdk1.8.0_151\bin;C:\WINDOWS\Sun\Java\bin;C:\WINDOWS\system32;C:\WINDOWS;C:/Program Files/Java/jre1.8.0_151/bin/server;C:/Program Files/Java/jre1.8.0_151/bin;C:/Program Files/Java/jre1.8.0_151/lib/amd64;C:\ProgramData\Oracle\Java\javapath;C:\Program Files (x86)\Intel\iCLS Client\;C:\Program Files\Intel\iCLS Client\;C:\Oracle\product\11.1.0\client_1\bin;C:\Program Files\CollabNet\Subversion Client;C:\WINDOWS\system32;C:\WINDOWS;C:\WINDOWS\System32\Wbem;C:\WINDOWS\System32\WindowsPowerShell\v1.0\;C:\Program Files (x86)\Intel\Intel(R) Management Engine Components\DAL;C:\Program Files\Intel\Intel(R) Management Engine Components\DAL;C:\Program Files (x86)\Intel\Intel(R) Management Engine Components\IPT;C:\Program Files\Intel\Intel(R) Management Engine Components\IPT;C:\Program Files\TortoiseSVN\bin;C:\Program Files\PuTTY\;C:\Users\david.hoyos\Documents\Herramientas desarrollo\gradle-4.2.1\bin;C:\Program Files\Git\cmd;C:\Users\david.hoyos\AppData\Local\Microsoft\WindowsApps;;C:\Users\david.hoyos\Documents\Programas\eclipse-jee-oxygen-1a-win32-x86_64\eclipse;;., java.specification.name=Java Platform API Specification, java.class.version=52.0, org.gradle.native=false, sun.management.compiler=HotSpot 64-Bit Tiered Compilers, os.version=10.0, user.home=C:\Users\david.hoyos, user.timezone=America/Bogota, java.awt.printerjob=sun.awt.windows.WPrinterJob, file.encoding=windows-1252, java.specification.version=1.8, java.class.path=C:\Users\david.hoyos\eclipse-workspace\Proyectoparqueadero\build\classes\java\test;C:\Users\david.hoyos\eclipse-workspace\Proyectoparqueadero\build\resources\test;C:\Users\david.hoyos\eclipse-workspace\Proyectoparqueadero\build\classes\java\main;C:\Users\david.hoyos\eclipse-workspace\Proyectoparqueadero\build\resources\main;C:\Users\david.hoyos\Documents\Herramientas desarrollo\gradle-4.2.1\caches\modules-2\files-2.1\org.springframework.boot\spring-boot-starter-data-jpa\2.0.0.M5\7a51c922581611b15f767cd17e14f4f9db60399b\spring-boot-starter-data-jpa-2.0.0.M5.jar;C:\Users\david.hoyos\Documents\Herramientas desarrollo\gradle-4.2.1\caches\modules-2\files-2.1\org.springframework.boot\spring-boot-starter-jdbc\2.0.0.M5\83d7f9f97d4e5501d3d5ce0c42501cebabf6bb5c\spring-boot-starter-jdbc-2.0.0.M5.jar;C:\Users\david.hoyos\Documents\Herramientas desarrollo\gradle-4.2.1\caches\modules-2\files-2.1\org.springframework.boot\spring-boot-starter-web\2.0.0.M5\24eae1fdad773e958d9bab5beb332ecf3fd21d04\spring-boot-starter-web-2.0.0.M5.jar;C:\Users\david.hoyos\Documents\Herramientas desarrollo\gradle-4.2.1\caches\modules-2\files-2.1\com.h2database\h2\1.4.196\dd0034398d593aa3588c6773faac429bbd9aea0e\h2-1.4.196.jar;C:\Users\david.hoyos\Documents\Herramientas desarrollo\gradle-4.2.1\caches\modules-2\files-2.1\org.springframework.boot\spring-boot-starter-test\2.0.0.M5\99cf8b580f1b164faec0ec45d465fd1a8e4c2904\spring-boot-starter-test-2.0.0.M5.jar;C:\Users\david.hoyos\Documents\Herramientas desarrollo\gradle-4.2.1\caches\modules-2\files-2.1\org.mockito\mockito-core\2.10.0\871efe6f2607d8c93dd25b8c1fa09851d4286dd6\mockito-core-2.10.0.jar;C:\Users\david.hoyos\Documents\Herramientas desarrollo\gradle-4.2.1\caches\modules-2\files-2.1\junit\junit\4.12\2973d150c0dc1fefe998f834810d68f278ea58ec\junit-4.12.jar;C:\Users\david.hoyos\Documents\Herramientas desarrollo\gradle-4.2.1\caches\modules-2\files-2.1\org.springframework.boot\spring-boot-starter-aop\2.0.0.M5\1c71fd43cc812cf72b15f2d216ef9a0bea4e8584\spring-boot-starter-aop-2.0.0.M5.jar;C:\Users\david.hoyos\Documents\Herramientas desarrollo\gradle-4.2.1\caches\modules-2\files-2.1\org.springframework.boot\spring-boot-starter-json\2.0.0.M5\b9a48a0ea21bce60a71011f85e4494b70e0f1f03\spring-boot-starter-json-2.0.0.M5.jar;C:\Users\david.hoyos\Documents\Herramientas desarrollo\gradle-4.2.1\caches\modules-2\files-2.1\org.springframework.boot\spring-boot-starter\2.0.0.M5\43635ad065765d9e9bfdbf7009d8961e1d852a4c\spring-boot-starter-2.0.0.M5.jar;C:\Users\david.hoyos\Documents\Herramientas desarrollo\gradle-4.2.1\caches\modules-2\files-2.1\org.hibernate\hibernate-core\5.2.11.Final\c7bc35a9caccb66f6b7209849c5feab8241abb76\hibernate-core-5.2.11.Final.jar;C:\Users\david.hoyos\Documents\Herramientas desarrollo\gradle-4.2.1\caches\modules-2\files-2.1\javax.transaction\javax.transaction-api\1.2\d81aff979d603edd90dcd8db2abc1f4ce6479e3e\javax.transaction-api-1.2.jar;C:\Users\david.hoyos\Documents\Herramientas desarrollo\gradle-4.2.1\caches\modules-2\files-2.1\org.springframework.data\spring-data-jpa\2.0.0.RELEASE\37298e64c40bfd4b51335df41afa8a5e509ba5de\spring-data-jpa-2.0.0.RELEASE.jar;C:\Users\david.hoyos\Documents\Herramientas desarrollo\gradle-4.2.1\caches\modules-2\files-2.1\org.springframework\spring-aspects\5.0.0.RELEASE\bf63871e3c0fc83d550c7f54c67a376a1b896180\spring-aspects-5.0.0.RELEASE.jar;C:\Users\david.hoyos\Documents\Herramientas desarrollo\gradle-4.2.1\caches\modules-2\files-2.1\com.zaxxer\HikariCP\2.7.2\8eadf835d2f74c30b75ffcb2693bb6853b85cf1e\HikariCP-2.7.2.jar;C:\Users\david.hoyos\Documents\Herramientas desarrollo\gradle-4.2.1\caches\modules-2\files-2.1\org.springframework\spring-orm\5.0.0.RELEASE\3b129d4a305f0fba7c4e9210b6dd3e6cb6e9f6c4\spring-orm-5.0.0.RELEASE.jar;C:\Users\david.hoyos\Documents\Herramientas desarrollo\gradle-4.2.1\caches\modules-2\files-2.1\org.springframework\spring-jdbc\5.0.0.RELEASE\e6c73a4dd93956fcfd59887c64f0989f3fd004b5\spring-jdbc-5.0.0.RELEASE.jar;C:\Users\david.hoyos\Documents\Herramientas desarrollo\gradle-4.2.1\caches\modules-2\files-2.1\org.springframework.boot\spring-boot-starter-tomcat\2.0.0.M5\39709bc8ea0727e498877c1d1e7bcb7c3eb037f6\spring-boot-starter-tomcat-2.0.0.M5.jar;C:\Users\david.hoyos\Documents\Herramientas desarrollo\gradle-4.2.1\caches\modules-2\files-2.1\org.hibernate.validator\hibernate-validator\6.0.2.Final\41c0d6a3ce1298b09a9ddb944bd251c8d1345b5c\hibernate-validator-6.0.2.Final.jar;C:\Users\david.hoyos\Documents\Herramientas desarrollo\gradle-4.2.1\caches\modules-2\files-2.1\org.springframework\spring-webmvc\5.0.0.RELEASE\7efad8565e5e609d1ff301043b8ea31080796391\spring-webmvc-5.0.0.RELEASE.jar;C:\Users\david.hoyos\Documents\Herramientas desarrollo\gradle-4.2.1\caches\modules-2\files-2.1\org.springframework\spring-web\5.0.0.RELEASE\f5c2d9d5668534c308a1ca4eda070cd01320af65\spring-web-5.0.0.RELEASE.jar;C:\Users\david.hoyos\Documents\Herramientas desarrollo\gradle-4.2.1\caches\modules-2\files-2.1\org.springframework.boot\spring-boot-test-autoconfigure\2.0.0.M5\7b249ede1134de624ccac65833d8bc9d30bc07ce\spring-boot-test-autoconfigure-2.0.0.M5.jar;C:\Users\david.hoyos\Documents\Herramientas desarrollo\gradle-4.2.1\caches\modules-2\files-2.1\org.springframework.boot\spring-boot-test\2.0.0.M5\2851cc485015f560d11054013fa77b39829c08a\spring-boot-test-2.0.0.M5.jar;C:\Users\david.hoyos\Documents\Herramientas desarrollo\gradle-4.2.1\caches\modules-2\files-2.1\com.jayway.jsonpath\json-path\2.4.0\765a4401ceb2dc8d40553c2075eb80a8fa35c2ae\json-path-2.4.0.jar;C:\Users\david.hoyos\Documents\Herramientas desarrollo\gradle-4.2.1\caches\modules-2\files-2.1\org.assertj\assertj-core\3.8.0\b209d90ff2e279bee3e02547ee7b11349c52d0e3\assertj-core-3.8.0.jar;C:\Users\david.hoyos\Documents\Herramientas desarrollo\gradle-4.2.1\caches\modules-2\files-2.1\org.hamcrest\hamcrest-library\1.3\4785a3c21320980282f9f33d0d1264a69040538f\hamcrest-library-1.3.jar;C:\Users\david.hoyos\Documents\Herramientas desarrollo\gradle-4.2.1\caches\modules-2\files-2.1\org.hamcrest\hamcrest-core\1.3\42a25dc3219429f0e5d060061f71acb49bf010a0\hamcrest-core-1.3.jar;C:\Users\david.hoyos\Documents\Herramientas desarrollo\gradle-4.2.1\caches\modules-2\files-2.1\org.skyscreamer\jsonassert\1.5.0\6c9d5fe2f59da598d9aefc1cfc6528ff3cf32df3\jsonassert-1.5.0.jar;C:\Users\david.hoyos\Documents\Herramientas desarrollo\gradle-4.2.1\caches\modules-2\files-2.1\org.springframework\spring-test\5.0.0.RELEASE\f39db690694a902197866df3c89ac277605b63c4\spring-test-5.0.0.RELEASE.jar;C:\Users\david.hoyos\Documents\Herramientas desarrollo\gradle-4.2.1\caches\modules-2\files-2.1\org.springframework.boot\spring-boot-autoconfigure\2.0.0.M5\975d5afb6a8dee42650842c5821d905657747bbc\spring-boot-autoconfigure-2.0.0.M5.jar;C:\Users\david.hoyos\Documents\Herramientas desarrollo\gradle-4.2.1\caches\modules-2\files-2.1\org.springframework.boot\spring-boot\2.0.0.M5\31de735c7a77fa2961185d48ce66570d74f656ae\spring-boot-2.0.0.M5.jar;C:\Users\david.hoyos\Documents\Herramientas desarrollo\gradle-4.2.1\caches\modules-2\files-2.1\org.springframework\spring-context\5.0.0.RELEASE\bf5165fcd47f582f9addcd2a41424b08ea00d880\spring-context-5.0.0.RELEASE.jar;C:\Users\david.hoyos\Documents\Herramientas desarrollo\gradle-4.2.1\caches\modules-2\files-2.1\org.springframework\spring-aop\5.0.0.RELEASE\717d06b89e32f51f329094f709662f8414c0843f\spring-aop-5.0.0.RELEASE.jar;C:\Users\david.hoyos\Documents\Herramientas desarrollo\gradle-4.2.1\caches\modules-2\files-2.1\org.springframework.data\spring-data-commons\2.0.0.RELEASE\b97dad2d501c2baf49b497733bb19f7a05d52142\spring-data-commons-2.0.0.RELEASE.jar;C:\Users\david.hoyos\Documents\Herramientas desarrollo\gradle-4.2.1\caches\modules-2\files-2.1\org.springframework\spring-tx\5.0.0.RELEASE\359eb5245c54257085b9eb2fc11c68dde3325d7\spring-tx-5.0.0.RELEASE.jar;C:\Users\david.hoyos\Documents\Herramientas desarrollo\gradle-4.2.1\caches\modules-2\files-2.1\org.springframework\spring-beans\5.0.0.RELEASE\6f95f071cfe29a84661648e5445dcb054be0cfa7\spring-beans-5.0.0.RELEASE.jar;C:\Users\david.hoyos\Documents\Herramientas desarrollo\gradle-4.2.1\caches\modules-2\files-2.1\org.springframework\spring-expression\5.0.0.RELEASE\48cdf1b2ea2a510c731e5e08f75299e3cb8e9d68\spring-expression-5.0.0.RELEASE.jar;C:\Users\david.hoyos\Documents\Herramientas desarrollo\gradle-4.2.1\caches\modules-2\files-2.1\org.springframework\spring-core\5.0.0.RELEASE\3a9bb910e8943b5ef59b193a1621daba46456ca9\spring-core-5.0.0.RELEASE.jar;C:\Users\david.hoyos\Documents\Herramientas desarrollo\gradle-4.2.1\caches\modules-2\files-2.1\org.xmlunit\xmlunit-core\2.5.0\7464e446df1051ac5196ffd2c28ee903a1104133\xmlunit-core-2.5.0.jar;C:\Users\david.hoyos\Documents\Herramientas desarrollo\gradle-4.2.1\caches\modules-2\files-2.1\net.bytebuddy\byte-buddy\1.7.6\f79a6ca612ed13038efedbbba1ead83b8d6fe7ec\byte-buddy-1.7.6.jar;C:\Users\david.hoyos\Documents\Herramientas desarrollo\gradle-4.2.1\caches\modules-2\files-2.1\net.bytebuddy\byte-buddy-agent\1.7.6\e863f5ab595f480f42d641f22935437e679d4beb\byte-buddy-agent-1.7.6.jar;C:\Users\david.hoyos\Documents\Herramientas desarrollo\gradle-4.2.1\caches\modules-2\files-2.1\org.objenesis\objenesis\2.6\639033469776fd37c08358c6b92a4761feb2af4b\objenesis-2.6.jar;C:\Users\david.hoyos\Documents\Herramientas desarrollo\gradle-4.2.1\caches\modules-2\files-2.1\org.springframework.boot\spring-boot-starter-logging\2.0.0.M5\ed3e13b588ee8ec5b43b4bbc9f9880a412c4b026\spring-boot-starter-logging-2.0.0.M5.jar;C:\Users\david.hoyos\Documents\Herramientas desarrollo\gradle-4.2.1\caches\modules-2\files-2.1\javax.annotation\javax.annotation-api\1.3.1\20a2c0583598d68b0835474bbe07792d4f3b219f\javax.annotation-api-1.3.1.jar;C:\Users\david.hoyos\Documents\Herramientas desarrollo\gradle-4.2.1\caches\modules-2\files-2.1\org.yaml\snakeyaml\1.18\e4a441249ade301985cb8d009d4e4a72b85bf68e\snakeyaml-1.18.jar;C:\Users\david.hoyos\Documents\Herramientas desarrollo\gradle-4.2.1\caches\modules-2\files-2.1\org.aspectj\aspectjweaver\1.8.11\9807e0e13c8a295f15882721db50fa3d142c44a9\aspectjweaver-1.8.11.jar;C:\Users\david.hoyos\Documents\Herramientas desarrollo\gradle-4.2.1\caches\modules-2\files-2.1\org.hibernate.common\hibernate-commons-annotations\5.0.1.Final\71e1cff3fcb20d3b3af4f3363c3ddb24d33c6879\hibernate-commons-annotations-5.0.1.Final.jar;C:\Users\david.hoyos\Documents\Herramientas desarrollo\gradle-4.2.1\caches\modules-2\files-2.1\org.jboss.logging\jboss-logging\3.3.1.Final\c46217ab74b532568c0ed31dc599db3048bd1b67\jboss-logging-3.3.1.Final.jar;C:\Users\david.hoyos\Documents\Herramientas desarrollo\gradle-4.2.1\caches\modules-2\files-2.1\org.hibernate.javax.persistence\hibernate-jpa-2.1-api\1.0.0.Final\5e731d961297e5a07290bfaf3db1fbc8bbbf405a\hibernate-jpa-2.1-api-1.0.0.Final.jar;C:\Users\david.hoyos\Documents\Herramientas desarrollo\gradle-4.2.1\caches\modules-2\files-2.1\org.javassist\javassist\3.22.0-CR2\44eaf0990dea92f4bca4b9931b2239c0e8756ee7\javassist-3.22.0-CR2.jar;C:\Users\david.hoyos\Documents\Herramientas desarrollo\gradle-4.2.1\caches\modules-2\files-2.1\antlr\antlr\2.7.7\83cd2cd674a217ade95a4bb83a8a14f351f48bd0\antlr-2.7.7.jar;C:\Users\david.hoyos\Documents\Herramientas desarrollo\gradle-4.2.1\caches\modules-2\files-2.1\org.jboss\jandex\2.0.3.Final\bfc4d6257dbff7a33a357f0de116be6ff951d849\jandex-2.0.3.Final.jar;C:\Users\david.hoyos\Documents\Herramientas desarrollo\gradle-4.2.1\caches\modules-2\files-2.1\com.fasterxml\classmate\1.3.4\3d5f48f10bbe4eb7bd862f10c0583be2e0053c6\classmate-1.3.4.jar;C:\Users\david.hoyos\Documents\Herramientas desarrollo\gradle-4.2.1\caches\modules-2\files-2.1\dom4j\dom4j\1.6.1\5d3ccc056b6f056dbf0dddfdf43894b9065a8f94\dom4j-1.6.1.jar;C:\Users\david.hoyos\Documents\Herramientas desarrollo\gradle-4.2.1\caches\modules-2\files-2.1\ch.qos.logback\logback-classic\1.2.3\7c4f3c474fb2c041d8028740440937705ebb473a\logback-classic-1.2.3.jar;C:\Users\david.hoyos\Documents\Herramientas desarrollo\gradle-4.2.1\caches\modules-2\files-2.1\org.slf4j\jul-to-slf4j\1.7.25\af5364cd6679bfffb114f0dec8a157aaa283b76\jul-to-slf4j-1.7.25.jar;C:\Users\david.hoyos\Documents\Herramientas desarrollo\gradle-4.2.1\caches\modules-2\files-2.1\org.slf4j\log4j-over-slf4j\1.7.25\a87bb47468f47ee7aabbd54f93e133d4215769c3\log4j-over-slf4j-1.7.25.jar;C:\Users\david.hoyos\Documents\Herramientas desarrollo\gradle-4.2.1\caches\modules-2\files-2.1\org.slf4j\slf4j-api\1.7.25\da76ca59f6a57ee3102f8f9bd9cee742973efa8a\slf4j-api-1.7.25.jar;C:\Users\david.hoyos\Documents\Herramientas desarrollo\gradle-4.2.1\caches\modules-2\files-2.1\com.fasterxml.jackson.datatype\jackson-datatype-jdk8\2.9.1\dc5c9b4349c1c18388aa1ec5a9264e6893b732a8\jackson-datatype-jdk8-2.9.1.jar;C:\Users\david.hoyos\Documents\Herramientas desarrollo\gradle-4.2.1\caches\modules-2\files-2.1\com.fasterxml.jackson.datatype\jackson-datatype-jsr310\2.9.1\dbac0f60c8ea8c6e6cc6a761c0d8f300296fcf3d\jackson-datatype-jsr310-2.9.1.jar;C:\Users\david.hoyos\Documents\Herramientas desarrollo\gradle-4.2.1\caches\modules-2\files-2.1\com.fasterxml.jackson.module\jackson-module-parameter-names\2.9.1\df51ae82d0878f62f7bdcbd47d423e3cde04b3ef\jackson-module-parameter-names-2.9.1.jar;C:\Users\david.hoyos\Documents\Herramientas desarrollo\gradle-4.2.1\caches\modules-2\files-2.1\com.fasterxml.jackson.module\jackson-module-kotlin\2.9.1\cf37d75de23b87a664ea0b497b04fc601a783f2a\jackson-module-kotlin-2.9.1.jar;C:\Users\david.hoyos\Documents\Herramientas desarrollo\gradle-4.2.1\caches\modules-2\files-2.1\com.fasterxml.jackson.core\jackson-databind\2.9.1\716da1830a2043f18882fc036ec26eb32cbe5aff\jackson-databind-2.9.1.jar;C:\Users\david.hoyos\Documents\Herramientas desarrollo\gradle-4.2.1\caches\modules-2\files-2.1\org.apache.tomcat.embed\tomcat-embed-websocket\8.5.23\52f07abcae10dc7e1764304b0877def175c2c833\tomcat-embed-websocket-8.5.23.jar;C:\Users\david.hoyos\Documents\Herramientas desarrollo\gradle-4.2.1\caches\modules-2\files-2.1\org.apache.tomcat.embed\tomcat-embed-core\8.5.23\79261793a47f507890ee08f749b9d81774e4f7f0\tomcat-embed-core-8.5.23.jar;C:\Users\david.hoyos\Documents\Herramientas desarrollo\gradle-4.2.1\caches\modules-2\files-2.1\org.apache.tomcat.embed\tomcat-embed-el\8.5.23\98d979cde444dffa6d434c8377d0123b2dfa614c\tomcat-embed-el-8.5.23.jar;C:\Users\david.hoyos\Documents\Herramientas desarrollo\gradle-4.2.1\caches\modules-2\files-2.1\javax.validation\validation-api\2.0.0.Final\4a7ff48084bd336c4de1f79f027f6f77badf399e\validation-api-2.0.0.Final.jar;C:\Users\david.hoyos\Documents\Herramientas desarrollo\gradle-4.2.1\caches\modules-2\files-2.1\net.minidev\json-smart\2.3\7396407491352ce4fa30de92efb158adb76b5b\json-smart-2.3.jar;C:\Users\david.hoyos\Documents\Herramientas desarrollo\gradle-4.2.1\caches\modules-2\files-2.1\com.vaadin.external.google\android-json\0.0.20131108.vaadin1\fa26d351fe62a6a17f5cda1287c1c6110dec413f\android-json-0.0.20131108.vaadin1.jar;C:\Users\david.hoyos\Documents\Herramientas desarrollo\gradle-4.2.1\caches\modules-2\files-2.1\org.springframework\spring-jcl\5.0.0.RELEASE\ab0a2114cab7b9e04adf79d812c714f3cbf4abf7\spring-jcl-5.0.0.RELEASE.jar;C:\Users\david.hoyos\Documents\Herramientas desarrollo\gradle-4.2.1\caches\modules-2\files-2.1\com.fasterxml.jackson.core\jackson-annotations\2.9.0\7c10d545325e3a6e72e06381afe469fd40eb701\jackson-annotations-2.9.0.jar;C:\Users\david.hoyos\Documents\Herramientas desarrollo\gradle-4.2.1\caches\modules-2\files-2.1\com.fasterxml.jackson.core\jackson-core\2.9.1\60077fe98b11e4e7cf8af9b20609326a166d6ac4\jackson-core-2.9.1.jar;C:\Users\david.hoyos\Documents\Herramientas desarrollo\gradle-4.2.1\caches\modules-2\files-2.1\org.apache.tomcat\tomcat-annotations-api\8.5.23\aaf17df9fe0240e9e9d5375d24d5f177174b73d9\tomcat-annotations-api-8.5.23.jar;C:\Users\david.hoyos\Documents\Herramientas desarrollo\gradle-4.2.1\caches\modules-2\files-2.1\net.minidev\accessors-smart\1.2\c592b500269bfde36096641b01238a8350f8aa31\accessors-smart-1.2.jar;C:\Users\david.hoyos\Documents\Herramientas desarrollo\gradle-4.2.1\caches\modules-2\files-2.1\ch.qos.logback\logback-core\1.2.3\864344400c3d4d92dfeb0a305dc87d953677c03c\logback-core-1.2.3.jar;C:\Users\david.hoyos\Documents\Herramientas desarrollo\gradle-4.2.1\caches\modules-2\files-2.1\org.ow2.asm\asm\5.0.4\da08b8cce7bbf903602a25a3a163ae252435795\asm-5.0.4.jar, user.name=david.hoyos, java.vm.specification.version=1.8, sun.java.command=worker.org.gradle.process.internal.worker.GradleWorkerMain 'Gradle Test Executor 1', java.home=C:\Program Files\Java\jdk1.8.0_151\jre, sun.arch.data.model=64, user.language=en, java.specification.vendor=Oracle Corporation, awt.toolkit=sun.awt.windows.WToolkit, java.vm.info=mixed mode, java.version=1.8.0_151, java.ext.dirs=C:\Program Files\Java\jdk1.8.0_151\jre\lib\ext;C:\WINDOWS\Sun\Java\lib\ext, sun.boot.class.path=C:\Program Files\Java\jdk1.8.0_151\jre\lib\resources.jar;C:\Program Files\Java\jdk1.8.0_151\jre\lib\rt.jar;C:\Program Files\Java\jdk1.8.0_151\jre\lib\sunrsasign.jar;C:\Program Files\Java\jdk1.8.0_151\jre\lib\jsse.jar;C:\Program Files\Java\jdk1.8.0_151\jre\lib\jce.jar;C:\Program Files\Java\jdk1.8.0_151\jre\lib\charsets.jar;C:\Program Files\Java\jdk1.8.0_151\jre\lib\jfr.jar;C:\Program Files\Java\jdk1.8.0_151\jre\classes, java.vendor=Oracle Corporation, org.gradle.test.worker=1, file.separator=\, java.vendor.url.bug=http://bugreport.sun.com/bugreport/, sun.io.unicode.encoding=UnicodeLittle, sun.cpu.endian=little, sun.desktop=windows, sun.cpu.isalist=amd64}}, SystemEnvironmentPropertySource@221819806 {name='systemEnvironment', properties={USERDOMAIN_ROAMINGPROFILE=CEIBA, LOCALAPPDATA=C:\Users\david.hoyos\AppData\Local, PROCESSOR_LEVEL=6, USERDOMAIN=CEIBA, FPS_BROWSER_APP_PROFILE_STRING=Internet Explorer, LOGONSERVER=\\ARES, SESSIONNAME=Console, ALLUSERSPROFILE=C:\ProgramData, PROCESSOR_ARCHITECTURE=AMD64, PSModulePath=C:\Program Files\WindowsPowerShell\Modules;C:\WINDOWS\system32\WindowsPowerShell\v1.0\Modules, SystemDrive=C:, OneDrive=C:\Users\david.hoyos\OneDrive, APPDATA=C:\Users\david.hoyos\AppData\Roaming, USERNAME=david.hoyos, USERDNSDOMAIN=CEIBA.LOCAL, ProgramFiles(x86)=C:\Program Files (x86), CommonProgramFiles=C:\Program Files\Common Files, Path=C:/Program Files/Java/jre1.8.0_151/bin/server;C:/Program Files/Java/jre1.8.0_151/bin;C:/Program Files/Java/jre1.8.0_151/lib/amd64;C:\ProgramData\Oracle\Java\javapath;C:\Program Files (x86)\Intel\iCLS Client\;C:\Program Files\Intel\iCLS Client\;C:\Oracle\product\11.1.0\client_1\bin;C:\Program Files\CollabNet\Subversion Client;C:\WINDOWS\system32;C:\WINDOWS;C:\WINDOWS\System32\Wbem;C:\WINDOWS\System32\WindowsPowerShell\v1.0\;C:\Program Files (x86)\Intel\Intel(R) Management Engine Components\DAL;C:\Program Files\Intel\Intel(R) Management Engine Components\DAL;C:\Program Files (x86)\Intel\Intel(R) Management Engine Components\IPT;C:\Program Files\Intel\Intel(R) Management Engine Components\IPT;C:\Program Files\TortoiseSVN\bin;C:\Program Files\PuTTY\;C:\Users\david.hoyos\Documents\Herramientas desarrollo\gradle-4.2.1\bin;C:\Program Files\Git\cmd;C:\Users\david.hoyos\AppData\Local\Microsoft\WindowsApps;;C:\Users\david.hoyos\Documents\Programas\eclipse-jee-oxygen-1a-win32-x86_64\eclipse;, FPS_BROWSER_USER_PROFILE_STRING=Default, PATHEXT=.COM;.EXE;.BAT;.CMD;.VBS;.VBE;.JS;.JSE;.WSF;.WSH;.MSC, OS=Windows_NT, COMPUTERNAME=DAVID-HOYOS, PROCESSOR_REVISION=3a09, CommonProgramW6432=C:\Program Files\Common Files, ComSpec=C:\WINDOWS\system32\cmd.exe, ProgramData=C:\ProgramData, ProgramW6432=C:\Program Files, HOMEPATH=\Users\david.hoyos, SystemRoot=C:\WINDOWS, TEMP=C:\Users\DAVID~1.HOY\AppData\Local\Temp, HOMEDRIVE=C:, PROCESSOR_IDENTIFIER=Intel64 Family 6 Model 58 Stepping 9, GenuineIntel, USERPROFILE=C:\Users\david.hoyos, TMP=C:\Users\DAVID~1.HOY\AppData\Local\Temp, CommonProgramFiles(x86)=C:\Program Files (x86)\Common Files, ProgramFiles=C:\Program Files, PUBLIC=C:\Users\Public, NUMBER_OF_PROCESSORS=8, windir=C:\WINDOWS, =::=::\}}]
11:32:33.610 [Test worker] DEBUG org.springframework.test.context.support.TestPropertySourceUtils - Adding inlined properties to environment: {spring.jmx.enabled=false, org.springframework.boot.test.context.SpringBootTestContextBootstrapper=true, server.port=-1}
11:32:33.611 [Test worker] DEBUG org.springframework.core.env.StandardEnvironment - Adding PropertySource 'Inlined Test Properties' with highest search precedence
2017-10-26 11:32:33.847 DEBUG 11668 --- [    Test worker] o.s.c.e.PropertySourcesPropertyResolver  : Could not find key 'logging.register-shutdown-hook' in any property source
2017-10-26 11:32:33.849 DEBUG 11668 --- [    Test worker] .c.l.ClasspathLoggingApplicationListener : Application started with classpath: [file:/C:/Users/david.hoyos/Documents/Herramientas%20desarrollo/gradle-4.2.1/caches/4.2.1/workerMain/gradle-worker.jar, file:/C:/Users/david.hoyos/eclipse-workspace/Proyectoparqueadero/build/tmp/expandedArchives/org.jacoco.agent-0.7.8.jar_ef07480ced9c9090cb299bea8859cf04/jacocoagent.jar, file:/C:/Users/david.hoyos/eclipse-workspace/Proyectoparqueadero/build/classes/java/test/, file:/C:/Users/david.hoyos/eclipse-workspace/Proyectoparqueadero/build/resources/test, file:/C:/Users/david.hoyos/eclipse-workspace/Proyectoparqueadero/build/classes/java/main/, file:/C:/Users/david.hoyos/eclipse-workspace/Proyectoparqueadero/build/resources/main/, file:/C:/Users/david.hoyos/Documents/Herramientas%20desarrollo/gradle-4.2.1/caches/modules-2/files-2.1/org.springframework.boot/spring-boot-starter-data-jpa/2.0.0.M5/7a51c922581611b15f767cd17e14f4f9db60399b/spring-boot-starter-data-jpa-2.0.0.M5.jar, file:/C:/Users/david.hoyos/Documents/Herramientas%20desarrollo/gradle-4.2.1/caches/modules-2/files-2.1/org.springframework.boot/spring-boot-starter-jdbc/2.0.0.M5/83d7f9f97d4e5501d3d5ce0c42501cebabf6bb5c/spring-boot-starter-jdbc-2.0.0.M5.jar, file:/C:/Users/david.hoyos/Documents/Herramientas%20desarrollo/gradle-4.2.1/caches/modules-2/files-2.1/org.springframework.boot/spring-boot-starter-web/2.0.0.M5/24eae1fdad773e958d9bab5beb332ecf3fd21d04/spring-boot-starter-web-2.0.0.M5.jar, file:/C:/Users/david.hoyos/Documents/Herramientas%20desarrollo/gradle-4.2.1/caches/modules-2/files-2.1/com.h2database/h2/1.4.196/dd0034398d593aa3588c6773faac429bbd9aea0e/h2-1.4.196.jar, file:/C:/Users/david.hoyos/Documents/Herramientas%20desarrollo/gradle-4.2.1/caches/modules-2/files-2.1/org.springframework.boot/spring-boot-starter-test/2.0.0.M5/99cf8b580f1b164faec0ec45d465fd1a8e4c2904/spring-boot-starter-test-2.0.0.M5.jar, file:/C:/Users/david.hoyos/Documents/Herramientas%20desarrollo/gradle-4.2.1/caches/modules-2/files-2.1/org.mockito/mockito-core/2.10.0/871efe6f2607d8c93dd25b8c1fa09851d4286dd6/mockito-core-2.10.0.jar, file:/C:/Users/david.hoyos/Documents/Herramientas%20desarrollo/gradle-4.2.1/caches/modules-2/files-2.1/junit/junit/4.12/2973d150c0dc1fefe998f834810d68f278ea58ec/junit-4.12.jar, file:/C:/Users/david.hoyos/Documents/Herramientas%20desarrollo/gradle-4.2.1/caches/modules-2/files-2.1/org.springframework.boot/spring-boot-starter-aop/2.0.0.M5/1c71fd43cc812cf72b15f2d216ef9a0bea4e8584/spring-boot-starter-aop-2.0.0.M5.jar, file:/C:/Users/david.hoyos/Documents/Herramientas%20desarrollo/gradle-4.2.1/caches/modules-2/files-2.1/org.springframework.boot/spring-boot-starter-json/2.0.0.M5/b9a48a0ea21bce60a71011f85e4494b70e0f1f03/spring-boot-starter-json-2.0.0.M5.jar, file:/C:/Users/david.hoyos/Documents/Herramientas%20desarrollo/gradle-4.2.1/caches/modules-2/files-2.1/org.springframework.boot/spring-boot-starter/2.0.0.M5/43635ad065765d9e9bfdbf7009d8961e1d852a4c/spring-boot-starter-2.0.0.M5.jar, file:/C:/Users/david.hoyos/Documents/Herramientas%20desarrollo/gradle-4.2.1/caches/modules-2/files-2.1/org.hibernate/hibernate-core/5.2.11.Final/c7bc35a9caccb66f6b7209849c5feab8241abb76/hibernate-core-5.2.11.Final.jar, file:/C:/Users/david.hoyos/Documents/Herramientas%20desarrollo/gradle-4.2.1/caches/modules-2/files-2.1/javax.transaction/javax.transaction-api/1.2/d81aff979d603edd90dcd8db2abc1f4ce6479e3e/javax.transaction-api-1.2.jar, file:/C:/Users/david.hoyos/Documents/Herramientas%20desarrollo/gradle-4.2.1/caches/modules-2/files-2.1/org.springframework.data/spring-data-jpa/2.0.0.RELEASE/37298e64c40bfd4b51335df41afa8a5e509ba5de/spring-data-jpa-2.0.0.RELEASE.jar, file:/C:/Users/david.hoyos/Documents/Herramientas%20desarrollo/gradle-4.2.1/caches/modules-2/files-2.1/org.springframework/spring-aspects/5.0.0.RELEASE/bf63871e3c0fc83d550c7f54c67a376a1b896180/spring-aspects-5.0.0.RELEASE.jar, file:/C:/Users/david.hoyos/Documents/Herramientas%20desarrollo/gradle-4.2.1/caches/modules-2/files-2.1/com.zaxxer/HikariCP/2.7.2/8eadf835d2f74c30b75ffcb2693bb6853b85cf1e/HikariCP-2.7.2.jar, file:/C:/Users/david.hoyos/Documents/Herramientas%20desarrollo/gradle-4.2.1/caches/modules-2/files-2.1/org.springframework/spring-orm/5.0.0.RELEASE/3b129d4a305f0fba7c4e9210b6dd3e6cb6e9f6c4/spring-orm-5.0.0.RELEASE.jar, file:/C:/Users/david.hoyos/Documents/Herramientas%20desarrollo/gradle-4.2.1/caches/modules-2/files-2.1/org.springframework/spring-jdbc/5.0.0.RELEASE/e6c73a4dd93956fcfd59887c64f0989f3fd004b5/spring-jdbc-5.0.0.RELEASE.jar, file:/C:/Users/david.hoyos/Documents/Herramientas%20desarrollo/gradle-4.2.1/caches/modules-2/files-2.1/org.springframework.boot/spring-boot-starter-tomcat/2.0.0.M5/39709bc8ea0727e498877c1d1e7bcb7c3eb037f6/spring-boot-starter-tomcat-2.0.0.M5.jar, file:/C:/Users/david.hoyos/Documents/Herramientas%20desarrollo/gradle-4.2.1/caches/modules-2/files-2.1/org.hibernate.validator/hibernate-validator/6.0.2.Final/41c0d6a3ce1298b09a9ddb944bd251c8d1345b5c/hibernate-validator-6.0.2.Final.jar, file:/C:/Users/david.hoyos/Documents/Herramientas%20desarrollo/gradle-4.2.1/caches/modules-2/files-2.1/org.springframework/spring-webmvc/5.0.0.RELEASE/7efad8565e5e609d1ff301043b8ea31080796391/spring-webmvc-5.0.0.RELEASE.jar, file:/C:/Users/david.hoyos/Documents/Herramientas%20desarrollo/gradle-4.2.1/caches/modules-2/files-2.1/org.springframework/spring-web/5.0.0.RELEASE/f5c2d9d5668534c308a1ca4eda070cd01320af65/spring-web-5.0.0.RELEASE.jar, file:/C:/Users/david.hoyos/Documents/Herramientas%20desarrollo/gradle-4.2.1/caches/modules-2/files-2.1/org.springframework.boot/spring-boot-test-autoconfigure/2.0.0.M5/7b249ede1134de624ccac65833d8bc9d30bc07ce/spring-boot-test-autoconfigure-2.0.0.M5.jar, file:/C:/Users/david.hoyos/Documents/Herramientas%20desarrollo/gradle-4.2.1/caches/modules-2/files-2.1/org.springframework.boot/spring-boot-test/2.0.0.M5/2851cc485015f560d11054013fa77b39829c08a/spring-boot-test-2.0.0.M5.jar, file:/C:/Users/david.hoyos/Documents/Herramientas%20desarrollo/gradle-4.2.1/caches/modules-2/files-2.1/com.jayway.jsonpath/json-path/2.4.0/765a4401ceb2dc8d40553c2075eb80a8fa35c2ae/json-path-2.4.0.jar, file:/C:/Users/david.hoyos/Documents/Herramientas%20desarrollo/gradle-4.2.1/caches/modules-2/files-2.1/org.assertj/assertj-core/3.8.0/b209d90ff2e279bee3e02547ee7b11349c52d0e3/assertj-core-3.8.0.jar, file:/C:/Users/david.hoyos/Documents/Herramientas%20desarrollo/gradle-4.2.1/caches/modules-2/files-2.1/org.hamcrest/hamcrest-library/1.3/4785a3c21320980282f9f33d0d1264a69040538f/hamcrest-library-1.3.jar, file:/C:/Users/david.hoyos/Documents/Herramientas%20desarrollo/gradle-4.2.1/caches/modules-2/files-2.1/org.hamcrest/hamcrest-core/1.3/42a25dc3219429f0e5d060061f71acb49bf010a0/hamcrest-core-1.3.jar, file:/C:/Users/david.hoyos/Documents/Herramientas%20desarrollo/gradle-4.2.1/caches/modules-2/files-2.1/org.skyscreamer/jsonassert/1.5.0/6c9d5fe2f59da598d9aefc1cfc6528ff3cf32df3/jsonassert-1.5.0.jar, file:/C:/Users/david.hoyos/Documents/Herramientas%20desarrollo/gradle-4.2.1/caches/modules-2/files-2.1/org.springframework/spring-test/5.0.0.RELEASE/f39db690694a902197866df3c89ac277605b63c4/spring-test-5.0.0.RELEASE.jar, file:/C:/Users/david.hoyos/Documents/Herramientas%20desarrollo/gradle-4.2.1/caches/modules-2/files-2.1/org.springframework.boot/spring-boot-autoconfigure/2.0.0.M5/975d5afb6a8dee42650842c5821d905657747bbc/spring-boot-autoconfigure-2.0.0.M5.jar, file:/C:/Users/david.hoyos/Documents/Herramientas%20desarrollo/gradle-4.2.1/caches/modules-2/files-2.1/org.springframework.boot/spring-boot/2.0.0.M5/31de735c7a77fa2961185d48ce66570d74f656ae/spring-boot-2.0.0.M5.jar, file:/C:/Users/david.hoyos/Documents/Herramientas%20desarrollo/gradle-4.2.1/caches/modules-2/files-2.1/org.springframework/spring-context/5.0.0.RELEASE/bf5165fcd47f582f9addcd2a41424b08ea00d880/spring-context-5.0.0.RELEASE.jar, file:/C:/Users/david.hoyos/Documents/Herramientas%20desarrollo/gradle-4.2.1/caches/modules-2/files-2.1/org.springframework/spring-aop/5.0.0.RELEASE/717d06b89e32f51f329094f709662f8414c0843f/spring-aop-5.0.0.RELEASE.jar, file:/C:/Users/david.hoyos/Documents/Herramientas%20desarrollo/gradle-4.2.1/caches/modules-2/files-2.1/org.springframework.data/spring-data-commons/2.0.0.RELEASE/b97dad2d501c2baf49b497733bb19f7a05d52142/spring-data-commons-2.0.0.RELEASE.jar, file:/C:/Users/david.hoyos/Documents/Herramientas%20desarrollo/gradle-4.2.1/caches/modules-2/files-2.1/org.springframework/spring-tx/5.0.0.RELEASE/359eb5245c54257085b9eb2fc11c68dde3325d7/spring-tx-5.0.0.RELEASE.jar, file:/C:/Users/david.hoyos/Documents/Herramientas%20desarrollo/gradle-4.2.1/caches/modules-2/files-2.1/org.springframework/spring-beans/5.0.0.RELEASE/6f95f071cfe29a84661648e5445dcb054be0cfa7/spring-beans-5.0.0.RELEASE.jar, file:/C:/Users/david.hoyos/Documents/Herramientas%20desarrollo/gradle-4.2.1/caches/modules-2/files-2.1/org.springframework/spring-expression/5.0.0.RELEASE/48cdf1b2ea2a510c731e5e08f75299e3cb8e9d68/spring-expression-5.0.0.RELEASE.jar, file:/C:/Users/david.hoyos/Documents/Herramientas%20desarrollo/gradle-4.2.1/caches/modules-2/files-2.1/org.springframework/spring-core/5.0.0.RELEASE/3a9bb910e8943b5ef59b193a1621daba46456ca9/spring-core-5.0.0.RELEASE.jar, file:/C:/Users/david.hoyos/Documents/Herramientas%20desarrollo/gradle-4.2.1/caches/modules-2/files-2.1/org.xmlunit/xmlunit-core/2.5.0/7464e446df1051ac5196ffd2c28ee903a1104133/xmlunit-core-2.5.0.jar, file:/C:/Users/david.hoyos/Documents/Herramientas%20desarrollo/gradle-4.2.1/caches/modules-2/files-2.1/net.bytebuddy/byte-buddy/1.7.6/f79a6ca612ed13038efedbbba1ead83b8d6fe7ec/byte-buddy-1.7.6.jar, file:/C:/Users/david.hoyos/Documents/Herramientas%20desarrollo/gradle-4.2.1/caches/modules-2/files-2.1/net.bytebuddy/byte-buddy-agent/1.7.6/e863f5ab595f480f42d641f22935437e679d4beb/byte-buddy-agent-1.7.6.jar, file:/C:/Users/david.hoyos/Documents/Herramientas%20desarrollo/gradle-4.2.1/caches/modules-2/files-2.1/org.objenesis/objenesis/2.6/639033469776fd37c08358c6b92a4761feb2af4b/objenesis-2.6.jar, file:/C:/Users/david.hoyos/Documents/Herramientas%20desarrollo/gradle-4.2.1/caches/modules-2/files-2.1/org.springframework.boot/spring-boot-starter-logging/2.0.0.M5/ed3e13b588ee8ec5b43b4bbc9f9880a412c4b026/spring-boot-starter-logging-2.0.0.M5.jar, file:/C:/Users/david.hoyos/Documents/Herramientas%20desarrollo/gradle-4.2.1/caches/modules-2/files-2.1/javax.annotation/javax.annotation-api/1.3.1/20a2c0583598d68b0835474bbe07792d4f3b219f/javax.annotation-api-1.3.1.jar, file:/C:/Users/david.hoyos/Documents/Herramientas%20desarrollo/gradle-4.2.1/caches/modules-2/files-2.1/org.yaml/snakeyaml/1.18/e4a441249ade301985cb8d009d4e4a72b85bf68e/snakeyaml-1.18.jar, file:/C:/Users/david.hoyos/Documents/Herramientas%20desarrollo/gradle-4.2.1/caches/modules-2/files-2.1/org.aspectj/aspectjweaver/1.8.11/9807e0e13c8a295f15882721db50fa3d142c44a9/aspectjweaver-1.8.11.jar, file:/C:/Users/david.hoyos/Documents/Herramientas%20desarrollo/gradle-4.2.1/caches/modules-2/files-2.1/org.hibernate.common/hibernate-commons-annotations/5.0.1.Final/71e1cff3fcb20d3b3af4f3363c3ddb24d33c6879/hibernate-commons-annotations-5.0.1.Final.jar, file:/C:/Users/david.hoyos/Documents/Herramientas%20desarrollo/gradle-4.2.1/caches/modules-2/files-2.1/org.jboss.logging/jboss-logging/3.3.1.Final/c46217ab74b532568c0ed31dc599db3048bd1b67/jboss-logging-3.3.1.Final.jar, file:/C:/Users/david.hoyos/Documents/Herramientas%20desarrollo/gradle-4.2.1/caches/modules-2/files-2.1/org.hibernate.javax.persistence/hibernate-jpa-2.1-api/1.0.0.Final/5e731d961297e5a07290bfaf3db1fbc8bbbf405a/hibernate-jpa-2.1-api-1.0.0.Final.jar, file:/C:/Users/david.hoyos/Documents/Herramientas%20desarrollo/gradle-4.2.1/caches/modules-2/files-2.1/org.javassist/javassist/3.22.0-CR2/44eaf0990dea92f4bca4b9931b2239c0e8756ee7/javassist-3.22.0-CR2.jar, file:/C:/Users/david.hoyos/Documents/Herramientas%20desarrollo/gradle-4.2.1/caches/modules-2/files-2.1/antlr/antlr/2.7.7/83cd2cd674a217ade95a4bb83a8a14f351f48bd0/antlr-2.7.7.jar, file:/C:/Users/david.hoyos/Documents/Herramientas%20desarrollo/gradle-4.2.1/caches/modules-2/files-2.1/org.jboss/jandex/2.0.3.Final/bfc4d6257dbff7a33a357f0de116be6ff951d849/jandex-2.0.3.Final.jar, file:/C:/Users/david.hoyos/Documents/Herramientas%20desarrollo/gradle-4.2.1/caches/modules-2/files-2.1/com.fasterxml/classmate/1.3.4/3d5f48f10bbe4eb7bd862f10c0583be2e0053c6/classmate-1.3.4.jar, file:/C:/Users/david.hoyos/Documents/Herramientas%20desarrollo/gradle-4.2.1/caches/modules-2/files-2.1/dom4j/dom4j/1.6.1/5d3ccc056b6f056dbf0dddfdf43894b9065a8f94/dom4j-1.6.1.jar, file:/C:/Users/david.hoyos/Documents/Herramientas%20desarrollo/gradle-4.2.1/caches/modules-2/files-2.1/ch.qos.logback/logback-classic/1.2.3/7c4f3c474fb2c041d8028740440937705ebb473a/logback-classic-1.2.3.jar, file:/C:/Users/david.hoyos/Documents/Herramientas%20desarrollo/gradle-4.2.1/caches/modules-2/files-2.1/org.slf4j/jul-to-slf4j/1.7.25/af5364cd6679bfffb114f0dec8a157aaa283b76/jul-to-slf4j-1.7.25.jar, file:/C:/Users/david.hoyos/Documents/Herramientas%20desarrollo/gradle-4.2.1/caches/modules-2/files-2.1/org.slf4j/log4j-over-slf4j/1.7.25/a87bb47468f47ee7aabbd54f93e133d4215769c3/log4j-over-slf4j-1.7.25.jar, file:/C:/Users/david.hoyos/Documents/Herramientas%20desarrollo/gradle-4.2.1/caches/modules-2/files-2.1/org.slf4j/slf4j-api/1.7.25/da76ca59f6a57ee3102f8f9bd9cee742973efa8a/slf4j-api-1.7.25.jar, file:/C:/Users/david.hoyos/Documents/Herramientas%20desarrollo/gradle-4.2.1/caches/modules-2/files-2.1/com.fasterxml.jackson.datatype/jackson-datatype-jdk8/2.9.1/dc5c9b4349c1c18388aa1ec5a9264e6893b732a8/jackson-datatype-jdk8-2.9.1.jar, file:/C:/Users/david.hoyos/Documents/Herramientas%20desarrollo/gradle-4.2.1/caches/modules-2/files-2.1/com.fasterxml.jackson.datatype/jackson-datatype-jsr310/2.9.1/dbac0f60c8ea8c6e6cc6a761c0d8f300296fcf3d/jackson-datatype-jsr310-2.9.1.jar, file:/C:/Users/david.hoyos/Documents/Herramientas%20desarrollo/gradle-4.2.1/caches/modules-2/files-2.1/com.fasterxml.jackson.module/jackson-module-parameter-names/2.9.1/df51ae82d0878f62f7bdcbd47d423e3cde04b3ef/jackson-module-parameter-names-2.9.1.jar, file:/C:/Users/david.hoyos/Documents/Herramientas%20desarrollo/gradle-4.2.1/caches/modules-2/files-2.1/com.fasterxml.jackson.module/jackson-module-kotlin/2.9.1/cf37d75de23b87a664ea0b497b04fc601a783f2a/jackson-module-kotlin-2.9.1.jar, file:/C:/Users/david.hoyos/Documents/Herramientas%20desarrollo/gradle-4.2.1/caches/modules-2/files-2.1/com.fasterxml.jackson.core/jackson-databind/2.9.1/716da1830a2043f18882fc036ec26eb32cbe5aff/jackson-databind-2.9.1.jar, file:/C:/Users/david.hoyos/Documents/Herramientas%20desarrollo/gradle-4.2.1/caches/modules-2/files-2.1/org.apache.tomcat.embed/tomcat-embed-websocket/8.5.23/52f07abcae10dc7e1764304b0877def175c2c833/tomcat-embed-websocket-8.5.23.jar, file:/C:/Users/david.hoyos/Documents/Herramientas%20desarrollo/gradle-4.2.1/caches/modules-2/files-2.1/org.apache.tomcat.embed/tomcat-embed-core/8.5.23/79261793a47f507890ee08f749b9d81774e4f7f0/tomcat-embed-core-8.5.23.jar, file:/C:/Users/david.hoyos/Documents/Herramientas%20desarrollo/gradle-4.2.1/caches/modules-2/files-2.1/org.apache.tomcat.embed/tomcat-embed-el/8.5.23/98d979cde444dffa6d434c8377d0123b2dfa614c/tomcat-embed-el-8.5.23.jar, file:/C:/Users/david.hoyos/Documents/Herramientas%20desarrollo/gradle-4.2.1/caches/modules-2/files-2.1/javax.validation/validation-api/2.0.0.Final/4a7ff48084bd336c4de1f79f027f6f77badf399e/validation-api-2.0.0.Final.jar, file:/C:/Users/david.hoyos/Documents/Herramientas%20desarrollo/gradle-4.2.1/caches/modules-2/files-2.1/net.minidev/json-smart/2.3/7396407491352ce4fa30de92efb158adb76b5b/json-smart-2.3.jar, file:/C:/Users/david.hoyos/Documents/Herramientas%20desarrollo/gradle-4.2.1/caches/modules-2/files-2.1/com.vaadin.external.google/android-json/0.0.20131108.vaadin1/fa26d351fe62a6a17f5cda1287c1c6110dec413f/android-json-0.0.20131108.vaadin1.jar, file:/C:/Users/david.hoyos/Documents/Herramientas%20desarrollo/gradle-4.2.1/caches/modules-2/files-2.1/org.springframework/spring-jcl/5.0.0.RELEASE/ab0a2114cab7b9e04adf79d812c714f3cbf4abf7/spring-jcl-5.0.0.RELEASE.jar, file:/C:/Users/david.hoyos/Documents/Herramientas%20desarrollo/gradle-4.2.1/caches/modules-2/files-2.1/com.fasterxml.jackson.core/jackson-annotations/2.9.0/7c10d545325e3a6e72e06381afe469fd40eb701/jackson-annotations-2.9.0.jar, file:/C:/Users/david.hoyos/Documents/Herramientas%20desarrollo/gradle-4.2.1/caches/modules-2/files-2.1/com.fasterxml.jackson.core/jackson-core/2.9.1/60077fe98b11e4e7cf8af9b20609326a166d6ac4/jackson-core-2.9.1.jar, file:/C:/Users/david.hoyos/Documents/Herramientas%20desarrollo/gradle-4.2.1/caches/modules-2/files-2.1/org.apache.tomcat/tomcat-annotations-api/8.5.23/aaf17df9fe0240e9e9d5375d24d5f177174b73d9/tomcat-annotations-api-8.5.23.jar, file:/C:/Users/david.hoyos/Documents/Herramientas%20desarrollo/gradle-4.2.1/caches/modules-2/files-2.1/net.minidev/accessors-smart/1.2/c592b500269bfde36096641b01238a8350f8aa31/accessors-smart-1.2.jar, file:/C:/Users/david.hoyos/Documents/Herramientas%20desarrollo/gradle-4.2.1/caches/modules-2/files-2.1/ch.qos.logback/logback-core/1.2.3/864344400c3d4d92dfeb0a305dc87d953677c03c/logback-core-1.2.3.jar, file:/C:/Users/david.hoyos/Documents/Herramientas%20desarrollo/gradle-4.2.1/caches/modules-2/files-2.1/org.ow2.asm/asm/5.0.4/da08b8cce7bbf903602a25a3a163ae252435795/asm-5.0.4.jar]
2017-10-26 11:32:33.850 DEBUG 11668 --- [    Test worker] o.s.c.e.PropertySourcesPropertyResolver  : Could not find key 'context.listener.classes' in any property source
2017-10-26 11:32:33.856 DEBUG 11668 --- [    Test worker] o.s.core.env.StandardEnvironment         : Adding PropertySource 'configurationProperties' with highest search precedence
2017-10-26 11:32:33.859 DEBUG 11668 --- [    Test worker] o.s.c.e.PropertySourcesPropertyResolver  : Could not find key 'spring.beaninfo.ignore' in any property source
2017-10-26 11:32:33.862 DEBUG 11668 --- [    Test worker] o.s.c.e.PropertySourcesPropertyResolver  : Could not find key 'banner.image.location' in any property source
2017-10-26 11:32:33.870 DEBUG 11668 --- [    Test worker] o.s.c.e.PropertySourcesPropertyResolver  : Could not find key 'banner.location' in any property source

  .   ____          _            __ _ _
 /\\ / ___'_ __ _ _(_)_ __  __ _ \ \ \ \
( ( )\___ | '_ | '_| | '_ \/ _` | \ \ \ \
 \\/  ___)| |_)| | | | | || (_| |  ) ) ) )
  '  |____| .__|_| |_|_| |_\__, | / / / /
 =========|_|==============|___/=/_/_/_/
 :: Spring Boot ::             (v2.0.0.M5)

2017-10-26 11:32:33.956 DEBUG 11668 --- [    Test worker] o.s.c.e.PropertySourcesPropertyResolver  : Could not find key 'context.initializer.classes' in any property source
2017-10-26 11:32:33.957 DEBUG 11668 --- [    Test worker] o.s.c.e.PropertySourcesPropertyResolver  : Could not find key 'spring.config.name:application' in any property source
2017-10-26 11:32:33.958 DEBUG 11668 --- [    Test worker] o.s.c.e.PropertySourcesPropertyResolver  : Could not find key 'spring.config.name' in any property source
2017-10-26 11:32:33.958 DEBUG 11668 --- [    Test worker] o.s.c.e.PropertySourcesPropertyResolver  : Could not find key 'vcap.application.name:application' in any property source
2017-10-26 11:32:33.958 DEBUG 11668 --- [    Test worker] o.s.c.e.PropertySourcesPropertyResolver  : Could not find key 'vcap.application.name' in any property source
2017-10-26 11:32:33.959 DEBUG 11668 --- [    Test worker] o.s.c.e.PropertySourcesPropertyResolver  : Could not find key 'spring.application.name:application' in any property source
2017-10-26 11:32:33.959 DEBUG 11668 --- [    Test worker] o.s.c.e.PropertySourcesPropertyResolver  : Could not find key 'spring.application.name' in any property source
2017-10-26 11:32:33.959 DEBUG 11668 --- [    Test worker] o.s.c.e.PropertySourcesPropertyResolver  : Could not find key 'PORT:null' in any property source
2017-10-26 11:32:33.959 DEBUG 11668 --- [    Test worker] o.s.c.e.PropertySourcesPropertyResolver  : Could not find key 'PORT' in any property source
2017-10-26 11:32:33.960 DEBUG 11668 --- [    Test worker] o.s.c.e.PropertySourcesPropertyResolver  : Could not find key 'server.port:null' in any property source
2017-10-26 11:32:33.960 DEBUG 11668 --- [    Test worker] o.s.c.e.PropertySourcesPropertyResolver  : Found key 'server.port' in PropertySource 'configurationProperties' with value of type String
2017-10-26 11:32:33.960 DEBUG 11668 --- [    Test worker] o.s.c.e.PropertySourcesPropertyResolver  : Could not find key 'spring.application.index:-1' in any property source
2017-10-26 11:32:33.960 DEBUG 11668 --- [    Test worker] o.s.c.e.PropertySourcesPropertyResolver  : Could not find key 'spring.application.index' in any property source
2017-10-26 11:32:33.961 DEBUG 11668 --- [    Test worker] o.s.c.e.PropertySourcesPropertyResolver  : Could not find key 'vcap.application.instance_index:-1' in any property source
2017-10-26 11:32:33.961 DEBUG 11668 --- [    Test worker] o.s.c.e.PropertySourcesPropertyResolver  : Could not find key 'vcap.application.instance_index' in any property source
2017-10-26 11:32:33.961 DEBUG 11668 --- [    Test worker] o.s.c.e.PropertySourcesPropertyResolver  : Could not find key 'spring.profiles.active' in any property source
2017-10-26 11:32:33.978 DEBUG 11668 --- [    Test worker] o.s.b.f.s.DefaultListableBeanFactory     : Returning cached instance of singleton bean 'autoConfigurationReport'
2017-10-26 11:32:33.988  INFO 11668 --- [    Test worker] .c.P.ProyectoparqueaderoApplicationTests : Starting ProyectoparqueaderoApplicationTests on DAVID-HOYOS with PID 11668 (started by david.hoyos in C:\Users\david.hoyos\eclipse-workspace\Proyectoparqueadero)
2017-10-26 11:32:33.988 DEBUG 11668 --- [    Test worker] o.s.c.e.PropertySourcesPropertyResolver  : Could not find key 'spring.profiles.active' in any property source
[...]
2017-10-26 11:32:39.994 DEBUG 11668 --- [    Test worker] org.springframework.test.context.cache   : Spring test ApplicationContext cache statistics: [DefaultContextCache@9de9649 size = 1, maxSize = 32, parentContextCount = 0, hitCount = 0, missCount = 1]
2017-10-26 11:32:39.995 DEBUG 11668 --- [    Test worker] o.s.t.c.w.ServletTestExecutionListener   : Setting up MockHttpServletRequest, MockHttpServletResponse, ServletWebRequest, and RequestContextHolder for test context [DefaultTestContext@27b1941f testClass = ProyectoparqueaderoApplicationTests, testInstance = com.ceiba.Proyectoparqueadero.ProyectoparqueaderoApplicationTests@2fa93d59, testMethod = [null], testException = [null], mergedContextConfiguration = [WebMergedContextConfiguration@53346004 testClass = ProyectoparqueaderoApplicationTests, locations = '{}', classes = '{class com.ceiba.Proyectoparqueadero.ProyectoparqueaderoApplication}', contextInitializerClasses = '[]', activeProfiles = '{}', propertySourceLocations = '{}', propertySourceProperties = '{org.springframework.boot.test.context.SpringBootTestContextBootstrapper=true}', contextCustomizers = set[org.springframework.boot.test.autoconfigure.properties.PropertyMappingContextCustomizer@0, org.springframework.boot.test.autoconfigure.web.servlet.WebDriverContextCustomizerFactory$Customizer@6eb9c93c, org.springframework.boot.test.context.SpringBootTestContextCustomizer@20a1b663, org.springframework.boot.test.context.filter.ExcludeFilterContextCustomizer@30c0d282, org.springframework.boot.test.json.DuplicateJsonObjectContextCustomizerFactory$DuplicateJsonObjectContextCustomizer@1bb9fb56, org.springframework.boot.test.mock.mockito.MockitoContextCustomizer@0], resourceBasePath = 'src/main/webapp', contextLoader = 'org.springframework.boot.test.context.SpringBootContextLoader', parent = [null]], attributes = map['org.springframework.test.context.web.ServletTestExecutionListener.activateListener' -> true]].
2017-10-26 11:32:40.017 DEBUG 11668 --- [    Test worker] DependencyInjectionTestExecutionListener : Performing dependency injection for test context [[DefaultTestContext@27b1941f testClass = ProyectoparqueaderoApplicationTests, testInstance = com.ceiba.Proyectoparqueadero.ProyectoparqueaderoApplicationTests@2fa93d59, testMethod = [null], testException = [null], mergedContextConfiguration = [WebMergedContextConfiguration@53346004 testClass = ProyectoparqueaderoApplicationTests, locations = '{}', classes = '{class com.ceiba.Proyectoparqueadero.ProyectoparqueaderoApplication}', contextInitializerClasses = '[]', activeProfiles = '{}', propertySourceLocations = '{}', propertySourceProperties = '{org.springframework.boot.test.context.SpringBootTestContextBootstrapper=true}', contextCustomizers = set[org.springframework.boot.test.autoconfigure.properties.PropertyMappingContextCustomizer@0, org.springframework.boot.test.autoconfigure.web.servlet.WebDriverContextCustomizerFactory$Customizer@6eb9c93c, org.springframework.boot.test.context.SpringBootTestContextCustomizer@20a1b663, org.springframework.boot.test.context.filter.ExcludeFilterContextCustomizer@30c0d282, org.springframework.boot.test.json.DuplicateJsonObjectContextCustomizerFactory$DuplicateJsonObjectContextCustomizer@1bb9fb56, org.springframework.boot.test.mock.mockito.MockitoContextCustomizer@0], resourceBasePath = 'src/main/webapp', contextLoader = 'org.springframework.boot.test.context.SpringBootContextLoader', parent = [null]], attributes = map['org.springframework.test.context.web.ServletTestExecutionListener.activateListener' -> true, 'org.springframework.test.context.web.ServletTestExecutionListener.populatedRequestContextHolder' -> true, 'org.springframework.test.context.web.ServletTestExecutionListener.resetRequestContextHolder' -> true]]].
2017-10-26 11:32:40.017 DEBUG 11668 --- [    Test worker] c.DefaultCacheAwareContextLoaderDelegate : Retrieved ApplicationContext from cache with key [[WebMergedContextConfiguration@53346004 testClass = ProyectoparqueaderoApplicationTests, locations = '{}', classes = '{class com.ceiba.Proyectoparqueadero.ProyectoparqueaderoApplication}', contextInitializerClasses = '[]', activeProfiles = '{}', propertySourceLocations = '{}', propertySourceProperties = '{org.springframework.boot.test.context.SpringBootTestContextBootstrapper=true}', contextCustomizers = set[org.springframework.boot.test.autoconfigure.properties.PropertyMappingContextCustomizer@0, org.springframework.boot.test.autoconfigure.web.servlet.WebDriverContextCustomizerFactory$Customizer@6eb9c93c, org.springframework.boot.test.context.SpringBootTestContextCustomizer@20a1b663, org.springframework.boot.test.context.filter.ExcludeFilterContextCustomizer@30c0d282, org.springframework.boot.test.json.DuplicateJsonObjectContextCustomizerFactory$DuplicateJsonObjectContextCustomizer@1bb9fb56, org.springframework.boot.test.mock.mockito.MockitoContextCustomizer@0], resourceBasePath = 'src/main/webapp', contextLoader = 'org.springframework.boot.test.context.SpringBootContextLoader', parent = [null]]]
2017-10-26 11:32:40.018 DEBUG 11668 --- [    Test worker] org.springframework.test.context.cache   : Spring test ApplicationContext cache statistics: [DefaultContextCache@9de9649 size = 1, maxSize = 32, parentContextCount = 0, hitCount = 1, missCount = 1]
2017-10-26 11:32:40.020 DEBUG 11668 --- [    Test worker] o.s.b.f.s.DefaultListableBeanFactory     : Returning cached instance of singleton bean 'org.springframework.transaction.config.internalTransactionAdvisor'
2017-10-26 11:32:40.020 DEBUG 11668 --- [    Test worker] o.s.b.f.s.DefaultListableBeanFactory     : Returning cached instance of singleton bean 'org.springframework.transaction.config.internalTransactionAdvisor'
2017-10-26 11:32:40.027 DEBUG 11668 --- [    Test worker] tractDirtiesContextTestExecutionListener : Before test method: context [DefaultTestContext@27b1941f testClass = ProyectoparqueaderoApplicationTests, testInstance = com.ceiba.Proyectoparqueadero.ProyectoparqueaderoApplicationTests@2fa93d59, testMethod = contextLoads@ProyectoparqueaderoApplicationTests, testException = [null], mergedContextConfiguration = [WebMergedContextConfiguration@53346004 testClass = ProyectoparqueaderoApplicationTests, locations = '{}', classes = '{class com.ceiba.Proyectoparqueadero.ProyectoparqueaderoApplication}', contextInitializerClasses = '[]', activeProfiles = '{}', propertySourceLocations = '{}', propertySourceProperties = '{org.springframework.boot.test.context.SpringBootTestContextBootstrapper=true}', contextCustomizers = set[org.springframework.boot.test.autoconfigure.properties.PropertyMappingContextCustomizer@0, org.springframework.boot.test.autoconfigure.web.servlet.WebDriverContextCustomizerFactory$Customizer@6eb9c93c, org.springframework.boot.test.context.SpringBootTestContextCustomizer@20a1b663, org.springframework.boot.test.context.filter.ExcludeFilterContextCustomizer@30c0d282, org.springframework.boot.test.json.DuplicateJsonObjectContextCustomizerFactory$DuplicateJsonObjectContextCustomizer@1bb9fb56, org.springframework.boot.test.mock.mockito.MockitoContextCustomizer@0], resourceBasePath = 'src/main/webapp', contextLoader = 'org.springframework.boot.test.context.SpringBootContextLoader', parent = [null]], attributes = map['org.springframework.test.context.web.ServletTestExecutionListener.activateListener' -> true, 'org.springframework.test.context.web.ServletTestExecutionListener.populatedRequestContextHolder' -> true, 'org.springframework.test.context.web.ServletTestExecutionListener.resetRequestContextHolder' -> true]], class annotated with @DirtiesContext [false] with mode [null], method annotated with @DirtiesContext [false] with mode [null].
2017-10-26 11:32:40.031 DEBUG 11668 --- [    Test worker] c.DefaultCacheAwareContextLoaderDelegate : Retrieved ApplicationContext from cache with key [[WebMergedContextConfiguration@53346004 testClass = ProyectoparqueaderoApplicationTests, locations = '{}', classes = '{class com.ceiba.Proyectoparqueadero.ProyectoparqueaderoApplication}', contextInitializerClasses = '[]', activeProfiles = '{}', propertySourceLocations = '{}', propertySourceProperties = '{org.springframework.boot.test.context.SpringBootTestContextBootstrapper=true}', contextCustomizers = set[org.springframework.boot.test.autoconfigure.properties.PropertyMappingContextCustomizer@0, org.springframework.boot.test.autoconfigure.web.servlet.WebDriverContextCustomizerFactory$Customizer@6eb9c93c, org.springframework.boot.test.context.SpringBootTestContextCustomizer@20a1b663, org.springframework.boot.test.context.filter.ExcludeFilterContextCustomizer@30c0d282, org.springframework.boot.test.json.DuplicateJsonObjectContextCustomizerFactory$DuplicateJsonObjectContextCustomizer@1bb9fb56, org.springframework.boot.test.mock.mockito.MockitoContextCustomizer@0], resourceBasePath = 'src/main/webapp', contextLoader = 'org.springframework.boot.test.context.SpringBootContextLoader', parent = [null]]]
2017-10-26 11:32:40.031 DEBUG 11668 --- [    Test worker] org.springframework.test.context.cache   : Spring test ApplicationContext cache statistics: [DefaultContextCache@9de9649 size = 1, maxSize = 32, parentContextCount = 0, hitCount = 2, missCount = 1]
2017-10-26 11:32:40.167 DEBUG 11668 --- [    Test worker] o.s.b.f.s.DefaultListableBeanFactory     : Returning cached instance of singleton bean 'org.springframework.boot.test.mock.mockito.MockitoBeans'
2017-10-26 11:32:40.169 DEBUG 11668 --- [    Test worker] c.DefaultCacheAwareContextLoaderDelegate : Retrieved ApplicationContext from cache with key [[WebMergedContextConfiguration@53346004 testClass = ProyectoparqueaderoApplicationTests, locations = '{}', classes = '{class com.ceiba.Proyectoparqueadero.ProyectoparqueaderoApplication}', contextInitializerClasses = '[]', activeProfiles = '{}', propertySourceLocations = '{}', propertySourceProperties = '{org.springframework.boot.test.context.SpringBootTestContextBootstrapper=true}', contextCustomizers = set[org.springframework.boot.test.autoconfigure.properties.PropertyMappingContextCustomizer@0, org.springframework.boot.test.autoconfigure.web.servlet.WebDriverContextCustomizerFactory$Customizer@6eb9c93c, org.springframework.boot.test.context.SpringBootTestContextCustomizer@20a1b663, org.springframework.boot.test.context.filter.ExcludeFilterContextCustomizer@30c0d282, org.springframework.boot.test.json.DuplicateJsonObjectContextCustomizerFactory$DuplicateJsonObjectContextCustomizer@1bb9fb56, org.springframework.boot.test.mock.mockito.MockitoContextCustomizer@0], resourceBasePath = 'src/main/webapp', contextLoader = 'org.springframework.boot.test.context.SpringBootContextLoader', parent = [null]]]
2017-10-26 11:32:40.169 DEBUG 11668 --- [    Test worker] org.springframework.test.context.cache   : Spring test ApplicationContext cache statistics: [DefaultContextCache@9de9649 size = 1, maxSize = 32, parentContextCount = 0, hitCount = 3, missCount = 1]
2017-10-26 11:32:40.170 DEBUG 11668 --- [    Test worker] c.DefaultCacheAwareContextLoaderDelegate : Retrieved ApplicationContext from cache with key [[WebMergedContextConfiguration@53346004 testClass = ProyectoparqueaderoApplicationTests, locations = '{}', classes = '{class com.ceiba.Proyectoparqueadero.ProyectoparqueaderoApplication}', contextInitializerClasses = '[]', activeProfiles = '{}', propertySourceLocations = '{}', propertySourceProperties = '{org.springframework.boot.test.context.SpringBootTestContextBootstrapper=true}', contextCustomizers = set[org.springframework.boot.test.autoconfigure.properties.PropertyMappingContextCustomizer@0, org.springframework.boot.test.autoconfigure.web.servlet.WebDriverContextCustomizerFactory$Customizer@6eb9c93c, org.springframework.boot.test.context.SpringBootTestContextCustomizer@20a1b663, org.springframework.boot.test.context.filter.ExcludeFilterContextCustomizer@30c0d282, org.springframework.boot.test.json.DuplicateJsonObjectContextCustomizerFactory$DuplicateJsonObjectContextCustomizer@1bb9fb56, org.springframework.boot.test.mock.mockito.MockitoContextCustomizer@0], resourceBasePath = 'src/main/webapp', contextLoader = 'org.springframework.boot.test.context.SpringBootContextLoader', parent = [null]]]
2017-10-26 11:32:40.170 DEBUG 11668 --- [    Test worker] org.springframework.test.context.cache   : Spring test ApplicationContext cache statistics: [DefaultContextCache@9de9649 size = 1, maxSize = 32, parentContextCount = 0, hitCount = 4, missCount = 1]
2017-10-26 11:32:40.170 DEBUG 11668 --- [    Test worker] o.s.b.f.s.DefaultListableBeanFactory     : Returning cached instance of singleton bean 'org.springframework.boot.test.mock.mockito.MockitoBeans'
2017-10-26 11:32:40.171 DEBUG 11668 --- [    Test worker] c.DefaultCacheAwareContextLoaderDelegate : Retrieved ApplicationContext from cache with key [[WebMergedContextConfiguration@53346004 testClass = ProyectoparqueaderoApplicationTests, locations = '{}', classes = '{class com.ceiba.Proyectoparqueadero.ProyectoparqueaderoApplication}', contextInitializerClasses = '[]', activeProfiles = '{}', propertySourceLocations = '{}', propertySourceProperties = '{org.springframework.boot.test.context.SpringBootTestContextBootstrapper=true}', contextCustomizers = set[org.springframework.boot.test.autoconfigure.properties.PropertyMappingContextCustomizer@0, org.springframework.boot.test.autoconfigure.web.servlet.WebDriverContextCustomizerFactory$Customizer@6eb9c93c, org.springframework.boot.test.context.SpringBootTestContextCustomizer@20a1b663, org.springframework.boot.test.context.filter.ExcludeFilterContextCustomizer@30c0d282, org.springframework.boot.test.json.DuplicateJsonObjectContextCustomizerFactory$DuplicateJsonObjectContextCustomizer@1bb9fb56, org.springframework.boot.test.mock.mockito.MockitoContextCustomizer@0], resourceBasePath = 'src/main/webapp', contextLoader = 'org.springframework.boot.test.context.SpringBootContextLoader', parent = [null]]]
2017-10-26 11:32:40.171 DEBUG 11668 --- [    Test worker] org.springframework.test.context.cache   : Spring test ApplicationContext cache statistics: [DefaultContextCache@9de9649 size = 1, maxSize = 32, parentContextCount = 0, hitCount = 5, missCount = 1]
2017-10-26 11:32:40.172 DEBUG 11668 --- [    Test worker] tractDirtiesContextTestExecutionListener : After test method: context [DefaultTestContext@27b1941f testClass = ProyectoparqueaderoApplicationTests, testInstance = com.ceiba.Proyectoparqueadero.ProyectoparqueaderoApplicationTests@2fa93d59, testMethod = contextLoads@ProyectoparqueaderoApplicationTests, testException = [null], mergedContextConfiguration = [WebMergedContextConfiguration@53346004 testClass = ProyectoparqueaderoApplicationTests, locations = '{}', classes = '{class com.ceiba.Proyectoparqueadero.ProyectoparqueaderoApplication}', contextInitializerClasses = '[]', activeProfiles = '{}', propertySourceLocations = '{}', propertySourceProperties = '{org.springframework.boot.test.context.SpringBootTestContextBootstrapper=true}', contextCustomizers = set[org.springframework.boot.test.autoconfigure.properties.PropertyMappingContextCustomizer@0, org.springframework.boot.test.autoconfigure.web.servlet.WebDriverContextCustomizerFactory$Customizer@6eb9c93c, org.springframework.boot.test.context.SpringBootTestContextCustomizer@20a1b663, org.springframework.boot.test.context.filter.ExcludeFilterContextCustomizer@30c0d282, org.springframework.boot.test.json.DuplicateJsonObjectContextCustomizerFactory$DuplicateJsonObjectContextCustomizer@1bb9fb56, org.springframework.boot.test.mock.mockito.MockitoContextCustomizer@0], resourceBasePath = 'src/main/webapp', contextLoader = 'org.springframework.boot.test.context.SpringBootContextLoader', parent = [null]], attributes = map['org.springframework.test.context.web.ServletTestExecutionListener.activateListener' -> true, 'org.springframework.test.context.web.ServletTestExecutionListener.populatedRequestContextHolder' -> true, 'org.springframework.test.context.web.ServletTestExecutionListener.resetRequestContextHolder' -> true]], class annotated with @DirtiesContext [false] with mode [null], method annotated with @DirtiesContext [false] with mode [null].
2017-10-26 11:32:40.172 DEBUG 11668 --- [    Test worker] o.s.t.c.w.ServletTestExecutionListener   : Resetting RequestContextHolder for test context [DefaultTestContext@27b1941f testClass = ProyectoparqueaderoApplicationTests, testInstance = com.ceiba.Proyectoparqueadero.ProyectoparqueaderoApplicationTests@2fa93d59, testMethod = contextLoads@ProyectoparqueaderoApplicationTests, testException = [null], mergedContextConfiguration = [WebMergedContextConfiguration@53346004 testClass = ProyectoparqueaderoApplicationTests, locations = '{}', classes = '{class com.ceiba.Proyectoparqueadero.ProyectoparqueaderoApplication}', contextInitializerClasses = '[]', activeProfiles = '{}', propertySourceLocations = '{}', propertySourceProperties = '{org.springframework.boot.test.context.SpringBootTestContextBootstrapper=true}', contextCustomizers = set[org.springframework.boot.test.autoconfigure.properties.PropertyMappingContextCustomizer@0, org.springframework.boot.test.autoconfigure.web.servlet.WebDriverContextCustomizerFactory$Customizer@6eb9c93c, org.springframework.boot.test.context.SpringBootTestContextCustomizer@20a1b663, org.springframework.boot.test.context.filter.ExcludeFilterContextCustomizer@30c0d282, org.springframework.boot.test.json.DuplicateJsonObjectContextCustomizerFactory$DuplicateJsonObjectContextCustomizer@1bb9fb56, org.springframework.boot.test.mock.mockito.MockitoContextCustomizer@0], resourceBasePath = 'src/main/webapp', contextLoader = 'org.springframework.boot.test.context.SpringBootContextLoader', parent = [null]], attributes = map['org.springframework.test.context.web.ServletTestExecutionListener.activateListener' -> true, 'org.springframework.test.context.web.ServletTestExecutionListener.populatedRequestContextHolder' -> true, 'org.springframework.test.context.web.ServletTestExecutionListener.resetRequestContextHolder' -> true]].
2017-10-26 11:32:40.174 DEBUG 11668 --- [    Test worker] tractDirtiesContextTestExecutionListener : After test class: context [DefaultTestContext@27b1941f testClass = ProyectoparqueaderoApplicationTests, testInstance = [null], testMethod = [null], testException = [null], mergedContextConfiguration = [WebMergedContextConfiguration@53346004 testClass = ProyectoparqueaderoApplicationTests, locations = '{}', classes = '{class com.ceiba.Proyectoparqueadero.ProyectoparqueaderoApplication}', contextInitializerClasses = '[]', activeProfiles = '{}', propertySourceLocations = '{}', propertySourceProperties = '{org.springframework.boot.test.context.SpringBootTestContextBootstrapper=true}', contextCustomizers = set[org.springframework.boot.test.autoconfigure.properties.PropertyMappingContextCustomizer@0, org.springframework.boot.test.autoconfigure.web.servlet.WebDriverContextCustomizerFactory$Customizer@6eb9c93c, org.springframework.boot.test.context.SpringBootTestContextCustomizer@20a1b663, org.springframework.boot.test.context.filter.ExcludeFilterContextCustomizer@30c0d282, org.springframework.boot.test.json.DuplicateJsonObjectContextCustomizerFactory$DuplicateJsonObjectContextCustomizer@1bb9fb56, org.springframework.boot.test.mock.mockito.MockitoContextCustomizer@0], resourceBasePath = 'src/main/webapp', contextLoader = 'org.springframework.boot.test.context.SpringBootContextLoader', parent = [null]], attributes = map['org.springframework.test.context.web.ServletTestExecutionListener.activateListener' -> true, 'org.springframework.test.context.support.DependencyInjectionTestExecutionListener.reinjectDependencies' -> true]], class annotated with @DirtiesContext [false] with mode [null].
]]></system-out>
  <system-err><![CDATA[]]></system-err>
</testsuite>
